HF PYTHON PROGRAM OUTPUT FILE
==============================

RUN INFO
--------
input file: H2O.xyz
basis type: 6-31G
number of atoms: 3
number of electrons: 10
number of basis functions: 13
maximum number of iterations: 50
energy tolerance |dE| < 1.000e-08
density tolerance p_rms < 1.000e-06

ATOM COORDINATES (BOHR)
-----------------------
 Z  sym          x               y               z
--- ----  ---------------  ---------------  ---------------
  8    O       0.19459423       0.77837689       0.00000000
  1    H       2.00873131       0.77837689       0.00000000
  1    H      -0.41097717       2.48845777       0.00000000

CGTO BASIS SET
--------------
[      X            Y            Z     ]  (i, j, k)  (    coeff   ,     alpha   )
----------------------------------------  ---------  ----------------------------
[  0.19459423   0.77837689   0.00000000], (0, 0, 0), (  0.00183107, 5484.67166000), (  0.01395017, 825.23494600), (  0.06844508, 188.04695800), (  0.23271434,  52.96450000), (  0.47019290,  16.89757040), (  0.35852085,   5.79963534)
[  0.19459423   0.77837689   0.00000000], (0, 0, 0), ( -0.11077755,  15.53961625), ( -0.14802626,   3.59993359), (  1.13076701,   1.01376175)
[  0.19459423   0.77837689   0.00000000], (1, 0, 0), (  0.07087427,  15.53961625), (  0.33975284,   3.59993359), (  0.72715858,   1.01376175)
[  0.19459423   0.77837689   0.00000000], (0, 1, 0), (  0.07087427,  15.53961625), (  0.33975284,   3.59993359), (  0.72715858,   1.01376175)
[  0.19459423   0.77837689   0.00000000], (0, 0, 1), (  0.07087427,  15.53961625), (  0.33975284,   3.59993359), (  0.72715858,   1.01376175)
[  0.19459423   0.77837689   0.00000000], (0, 0, 0), (  1.00000000,   0.27000582)
[  0.19459423   0.77837689   0.00000000], (1, 0, 0), (  1.00000000,   0.27000582)
[  0.19459423   0.77837689   0.00000000], (0, 1, 0), (  1.00000000,   0.27000582)
[  0.19459423   0.77837689   0.00000000], (0, 0, 1), (  1.00000000,   0.27000582)
[  2.00873131   0.77837689   0.00000000], (0, 0, 0), (  0.03349460,  18.73113696), (  0.23472695,   2.82539437), (  0.81375733,   0.64012169)
[  2.00873131   0.77837689   0.00000000], (0, 0, 0), (  1.00000000,   0.16127776)
[ -0.41097717   2.48845777   0.00000000], (0, 0, 0), (  0.03349460,  18.73113696), (  0.23472695,   2.82539437), (  0.81375733,   0.64012169)
[ -0.41097717   2.48845777   0.00000000], (0, 0, 0), (  1.00000000,   0.16127776)

INTEGRAL BUILD TIMINGS
----------------------
S:         0.062 s
X:         0.000 s
H:         0.323 s
ERI:      84.129 s
Enuc:      0.000 s

SCF ITERATIONS
--------------
Starting with a guess from hamiltonian:

    epsilon    |            coefficients             
---------------+-------------------------------------
   -33.05045208|  1.00353929  -0.02560894   0.00034092   0.00048240  -0.00000000   0.01680871   0.00109253   0.00154589   0.00000000   0.00007912  -0.00371414   0.00007912  -0.00371414
    -8.87130233| -0.19609339   0.98984490   0.29856186   0.42245527   0.00000000  -0.17888108  -0.05895213  -0.08341533  -0.00000000   0.01639507   0.04865772   0.01639507   0.04865772
    -8.62904850|  0.00000000  -0.00000000  -0.88329594   0.62425185   0.00000000   0.00000000   0.18858598  -0.13327939  -0.00000000  -0.00042877  -0.10253797   0.00042877   0.10253797
    -8.50322989|  0.00000000  -0.00000000   0.00000000   0.00000000   1.06544429   0.00000000  -0.00000000  -0.00000000  -0.14659216   0.00000000  -0.00000000  -0.00000000   0.00000000
    -8.46551557| -0.10823879   0.52325200  -0.53999488  -0.76407508   0.00000000  -0.02305404   0.07806143   0.11045437  -0.00000000   0.00838176  -0.01794914   0.00838176  -0.01794914
    -4.60602881| -0.01564267   0.76781883   0.14827929   0.20981036   0.00000000  -0.88050430  -0.21943128  -0.31048810  -0.00000000  -0.46603079   0.14624754  -0.46603083   0.14624755
    -4.54391451|  0.00000000  -0.00000002  -0.31915785   0.22555846  -0.00000000   0.00000003   0.37924344  -0.26802275  -0.00000000   0.63205805  -0.18777480  -0.63205803   0.18777479
    -3.87575707| -0.00000000  -0.00000000   0.00000000   0.00000000   0.44819065   0.00000000   0.00000000  -0.00000000  -1.14654138  -0.00000000  -0.00000000   0.00000000   0.00000000
    -3.85400239| -0.00767057  -0.75008954   0.19691450   0.27862757  -0.00000000   1.12089098  -0.44603693  -0.63112765   0.00000000  -0.16629891   0.02502770  -0.16629891   0.02502770
    -3.54079315|  0.00000000   0.00000001  -0.26315133   0.18597698  -0.00000000  -0.00000002   1.38472784  -0.97862890   0.00000000  -0.72669046  -0.38627967   0.72669048   0.38627968
    -3.46149842| -0.04207942  -0.70209714  -0.11027423  -0.15603442   0.00000000   1.76245606   0.67631171   0.95695890  -0.00000000  -0.95490306  -0.17451311  -0.95490304  -0.17451310
    -2.49593516| -0.02636094  -0.64300152  -0.05430375  -0.07683803  -0.00000000   2.00833956   0.29608108   0.41894504   0.00000000   0.20868624  -1.27641838   0.20868624  -1.27641840
    -2.38732801|  0.00000000   0.00000000   0.13898860  -0.09822743   0.00000000  -0.00000000  -0.69774074   0.49311440   0.00000000  -0.36064401   1.64912097   0.36064400  -1.64912096

 it |        E_tot (Eh) |          dE |     p_rms 
----+-------------------+-------------+-----------
  1 |    -60.2295739869 |   6.565e+01 |  1.13e+00
  2 |    -85.2700155781 |  -2.504e+01 |  9.69e-01
  3 |    -70.3907307692 |   1.488e+01 |  1.98e-01
  4 |    -78.3680416668 |  -7.977e+00 |  9.79e-02
  5 |    -74.8722349723 |   3.496e+00 |  3.14e-02
  6 |    -76.4641305795 |  -1.592e+00 |  1.68e-02
  7 |    -75.7784103357 |   6.857e-01 |  5.91e-03
  8 |    -76.0749589960 |  -2.965e-01 |  3.07e-03
  9 |    -75.9468084153 |   1.282e-01 |  1.12e-03
 10 |    -76.0017823138 |  -5.497e-02 |  5.84e-04
 11 |    -75.9780020252 |   2.378e-02 |  2.15e-04
 12 |    -75.9881837171 |  -1.018e-02 |  1.16e-04
 13 |    -75.9837739881 |   4.410e-03 |  4.30e-05
 14 |    -75.9856582431 |  -1.884e-03 |  2.46e-05
 15 |    -75.9848401333 |   8.181e-04 |  9.31e-06
 16 |    -75.9851885332 |  -3.484e-04 |  5.57e-06
 17 |    -75.9850366191 |   1.519e-04 |  2.23e-06
 18 |    -75.9851009638 |  -6.434e-05 |  1.35e-06
 19 |    -75.9850727176 |   2.825e-05 |  5.81e-07
 20 |    -75.9850845813 |  -1.186e-05 |  3.45e-07
 21 |    -75.9850793190 |   5.262e-06 |  1.58e-07
 22 |    -75.9850815009 |  -2.182e-06 |  9.17e-08
 23 |    -75.9850805177 |   9.832e-07 |  4.41e-08
 24 |    -75.9850809174 |  -3.997e-07 |  2.49e-08
 25 |    -75.9850807329 |   1.845e-07 |  1.24e-08
 26 |    -75.9850808057 |  -7.280e-08 |  6.84e-09
 27 |    -75.9850807709 |   3.484e-08 |  3.47e-09
 28 |    -75.9850807840 |  -1.314e-08 |  1.89e-09
 29 |    -75.9850807774 |   6.639e-09 |  9.75e-10

Computed molecular orbitals and energies:

    epsilon    |            coefficients             
---------------+-------------------------------------
   -20.55709517|  0.99577957   0.02195949   0.00117288   0.00165958  -0.00000000  -0.00800081  -0.00105859  -0.00149787   0.00000000   0.00008589   0.00197713   0.00008589   0.00197713
    -1.34931065| -0.21310534   0.47009459   0.06097093   0.08627187   0.00000000   0.48268505   0.03350866   0.04741365   0.00000000   0.13859447  -0.00803777   0.13859447  -0.00803777
    -0.71700034|  0.00000000  -0.00000000  -0.41112267   0.29055278   0.00000000  -0.00000000  -0.21803211   0.15408986   0.00000000  -0.26335891  -0.11896615   0.26335892   0.11896615
    -0.55061211| -0.07241293   0.17331775  -0.32135588  -0.45470805  -0.00000000   0.29296707  -0.23909996  -0.33831861  -0.00000000  -0.13772561  -0.07883543  -0.13772561  -0.07883543
    -0.49869827|  0.00000000  -0.00000000   0.00000000   0.00000000  -0.64081818  -0.00000000   0.00000000   0.00000000  -0.51086606  -0.00000000   0.00000000   0.00000000  -0.00000000
     0.20412017| -0.08680408   0.10781421   0.12910812   0.18268376  -0.00000000   1.18824140   0.26314458   0.37234096  -0.00000000  -0.06389200  -0.99503450  -0.06389200  -0.99503449
     0.29997920| -0.00000000   0.00000000  -0.27372713   0.19345121   0.00000000   0.00000001  -0.68209785   0.48205911   0.00000000   0.03667189   1.37187874  -0.03667189  -1.37187875
     1.08694406|  0.00000000  -0.00000001  -0.10908287   0.07709214   0.00000000   0.00000001  -0.62965830   0.44499850  -0.00000000   0.99166412  -0.46490287  -0.99166408   0.46490285
     1.15967658|  0.06772122  -0.31643151  -0.22210142  -0.31426623  -0.00000000   0.09266736  -0.09776705  -0.13833723   0.00000000   0.97446311  -0.53045306   0.97446315  -0.53045307
     1.16642083|  0.00000000  -0.00000000  -0.00000000  -0.00000000   0.96197632   0.00000000   0.00000000   0.00000000  -1.03685209   0.00000000  -0.00000000   0.00000000  -0.00000000
     1.20774718|  0.04581116  -0.29177793   0.52105856   0.73728081   0.00000000  -0.04145023  -0.68431999  -0.96829038  -0.00000000   0.23254361   0.10748511   0.23254360   0.10748512
     1.38372084| -0.00000000   0.00000000  -0.84545399   0.59750781   0.00000000  -0.00000000   1.29400098  -0.91450948  -0.00000000   0.05950005  -0.89568210  -0.05950006   0.89568211
     1.68072180|  0.05978470  -1.69245841  -0.11007608  -0.15575404  -0.00000000   2.73186282   0.44310340   0.62697681   0.00000000  -0.39326201  -0.62857483  -0.39326201  -0.62857484

SCF converged in 29 iterations
Final E_tot = -75.985080778625 Eh

RUN END
-------
Total run time: 84.55 s
