HF PYTHON PROGRAM OUTPUT FILE
==============================

RUN INFO
--------
input file: H2O.xyz
basis type: 6-31++G**
number of atoms: 3
number of electrons: 10
number of basis functions: 31
maximum number of iterations: 50
energy tolerance |dE| < 1.000e-08
density tolerance p_rms < 1.000e-06

ATOM COORDINATES (BOHR)
-----------------------
 Z  sym          x               y               z
--- ----  ---------------  ---------------  ---------------
  8    O       0.19459423       0.77837689       0.00000000
  1    H       2.00873131       0.77837689       0.00000000
  1    H      -0.41097717       2.48845777       0.00000000

CGTO BASIS SET
--------------
[      X            Y            Z     ]  (i, j, k)  (    coeff   ,     alpha   )
----------------------------------------  ---------  ----------------------------
[  0.19459423   0.77837689   0.00000000], (0, 0, 0), (  0.00183107, 5484.67166000), (  0.01395017, 825.23494600), (  0.06844508, 188.04695800), (  0.23271434,  52.96450000), (  0.47019290,  16.89757040), (  0.35852085,   5.79963534)
[  0.19459423   0.77837689   0.00000000], (0, 0, 0), ( -0.11077755,  15.53961625), ( -0.14802626,   3.59993359), (  1.13076701,   1.01376175)
[  0.19459423   0.77837689   0.00000000], (1, 0, 0), (  0.07087427,  15.53961625), (  0.33975284,   3.59993359), (  0.72715858,   1.01376175)
[  0.19459423   0.77837689   0.00000000], (0, 1, 0), (  0.07087427,  15.53961625), (  0.33975284,   3.59993359), (  0.72715858,   1.01376175)
[  0.19459423   0.77837689   0.00000000], (0, 0, 1), (  0.07087427,  15.53961625), (  0.33975284,   3.59993359), (  0.72715858,   1.01376175)
[  0.19459423   0.77837689   0.00000000], (0, 0, 0), (  1.00000000,   0.27000582)
[  0.19459423   0.77837689   0.00000000], (1, 0, 0), (  1.00000000,   0.27000582)
[  0.19459423   0.77837689   0.00000000], (0, 1, 0), (  1.00000000,   0.27000582)
[  0.19459423   0.77837689   0.00000000], (0, 0, 1), (  1.00000000,   0.27000582)
[  0.19459423   0.77837689   0.00000000], (2, 0, 0), (  1.00000000,   0.80000000)
[  0.19459423   0.77837689   0.00000000], (1, 1, 0), (  1.00000000,   0.80000000)
[  0.19459423   0.77837689   0.00000000], (1, 0, 1), (  1.00000000,   0.80000000)
[  0.19459423   0.77837689   0.00000000], (0, 2, 0), (  1.00000000,   0.80000000)
[  0.19459423   0.77837689   0.00000000], (0, 1, 1), (  1.00000000,   0.80000000)
[  0.19459423   0.77837689   0.00000000], (0, 0, 2), (  1.00000000,   0.80000000)
[  0.19459423   0.77837689   0.00000000], (0, 0, 0), (  1.00000000,   0.08450000)
[  0.19459423   0.77837689   0.00000000], (1, 0, 0), (  1.00000000,   0.08450000)
[  0.19459423   0.77837689   0.00000000], (0, 1, 0), (  1.00000000,   0.08450000)
[  0.19459423   0.77837689   0.00000000], (0, 0, 1), (  1.00000000,   0.08450000)
[  2.00873131   0.77837689   0.00000000], (0, 0, 0), (  0.03349460,  18.73113696), (  0.23472695,   2.82539437), (  0.81375733,   0.64012169)
[  2.00873131   0.77837689   0.00000000], (0, 0, 0), (  1.00000000,   0.16127776)
[  2.00873131   0.77837689   0.00000000], (1, 0, 0), (  1.00000000,   1.10000000)
[  2.00873131   0.77837689   0.00000000], (0, 1, 0), (  1.00000000,   1.10000000)
[  2.00873131   0.77837689   0.00000000], (0, 0, 1), (  1.00000000,   1.10000000)
[  2.00873131   0.77837689   0.00000000], (0, 0, 0), (  1.00000000,   0.03600000)
[ -0.41097717   2.48845777   0.00000000], (0, 0, 0), (  0.03349460,  18.73113696), (  0.23472695,   2.82539437), (  0.81375733,   0.64012169)
[ -0.41097717   2.48845777   0.00000000], (0, 0, 0), (  1.00000000,   0.16127776)
[ -0.41097717   2.48845777   0.00000000], (1, 0, 0), (  1.00000000,   1.10000000)
[ -0.41097717   2.48845777   0.00000000], (0, 1, 0), (  1.00000000,   1.10000000)
[ -0.41097717   2.48845777   0.00000000], (0, 0, 1), (  1.00000000,   1.10000000)
[ -0.41097717   2.48845777   0.00000000], (0, 0, 0), (  1.00000000,   0.03600000)

INTEGRAL BUILD TIMINGS
----------------------
S:         0.174 s
X:         0.000 s
H:         0.908 s
ERI:     843.535 s
Enuc:      0.000 s

SCF ITERATIONS
--------------
Starting with a guess from hamiltonian:

    epsilon    |            coefficients             
---------------+-------------------------------------
   -32.77833710| -1.01355428   0.04978161  -0.00082111  -0.00214373   0.00000000   0.03307690  -0.00014063  -0.00241527   0.00000000  -0.02504886   0.00110355  -0.00000000  -0.02626483   0.00000000  -0.02222067  -0.01141378  -0.00027518   0.00001152   0.00000000   0.00293928  -0.00114732   0.00010719   0.00021746  -0.00000000   0.00244890   0.00466734  -0.00035337   0.00058182  -0.00099821  -0.00000000   0.00198991
    -9.07482228|  0.23548255  -1.09421127  -0.21484846  -0.30855669  -0.00000000  -0.14969951   0.06197939   0.09445553   0.00000000   0.14786081  -0.00284150  -0.00000000   0.12967737  -0.00000000   0.18388735   0.06067883  -0.01298991  -0.02026262  -0.00000000  -0.03704784  -0.01708506  -0.00039643  -0.00244283   0.00000000  -0.00663076  -0.03168870  -0.02007215   0.00072056  -0.00239454  -0.00000000  -0.00220912
    -8.72442659|  0.00111252   0.00718495   0.91857472  -0.66703841  -0.00000000  -0.00749245  -0.09473728   0.08268681   0.00000000   0.17490395   0.03394097   0.00000000  -0.13509422  -0.00000000  -0.00121304   0.02074554   0.06259430  -0.04213014  -0.00000000  -0.10208532  -0.00950582   0.10974806  -0.00044665  -0.00000000  -0.06247763   0.07058722  -0.01023447   0.03779409  -0.08010422  -0.00000000   0.05834732
    -8.57064194|  0.07929174  -0.38999189   0.62186095   0.84077333   0.00000000   0.05869428  -0.08767679  -0.09405357  -0.00000000   0.09192047  -0.00881262   0.00000000   0.09732782   0.00000000  -0.00956227  -0.03755485   0.03059512   0.03600509   0.00000000  -0.07440965   0.00667078   0.07866292  -0.00469703  -0.00000000  -0.00006641  -0.08438869  -0.00094517  -0.03169464   0.07699485   0.00000000   0.00691182
    -8.52541163|  0.00000000  -0.00000000   0.00000000   0.00000000  -1.08230741   0.00000000  -0.00000000  -0.00000000   0.20934366  -0.00000000  -0.00000000  -0.01289190   0.00000000  -0.01824162  -0.00000000  -0.00000000  -0.00000000  -0.00000000  -0.07814505  -0.00000000   0.00000000  -0.00000000   0.00000000   0.00235718   0.00000000  -0.00000000   0.00000000   0.00000000   0.00000000   0.00235718   0.00000000
    -5.49087033| -0.00819046   0.01840977   0.31827116  -0.28564130   0.00000000  -0.01623943  -0.19663756   0.14371654   0.00000000  -0.54924604   0.09165839   0.00000000   0.33779994  -0.00000000   0.05207777  -0.07035300   0.05368613  -0.06386787   0.00000000  -0.32915856   0.04610692   0.16391647  -0.01724184   0.00000000  -0.02028514   0.49563634   0.02548619   0.08067684  -0.26280419  -0.00000000   0.03592751
    -5.14236880|  0.00351030   0.30790254   0.15966503   0.20961309  -0.00000000  -0.18887348  -0.05243621  -0.09895929  -0.00000000  -0.10017336   0.15514266   0.00000000  -0.22621740  -0.00000000   0.66933880   0.21945345   0.04174680   0.06181314  -0.00000000  -0.49378011  -0.06920334   0.22020218  -0.00876305   0.00000000  -0.03414968  -0.44632461  -0.06191379  -0.07078250   0.17213855   0.00000000  -0.02495800
    -4.42632739| -0.00738961  -0.10074953  -0.15479419  -0.19412155   0.00000000   0.10546695   0.28471008   0.33871614  -0.00000000  -0.12955156   0.88281854  -0.00000000   0.02381571   0.00000000  -0.03676064   0.16264155  -0.02444910  -0.02331125  -0.00000000   0.16986127  -0.11149055  -0.06648447   0.06109646  -0.00000000   0.00333968   0.09345238  -0.07084879   0.08401841  -0.08308015   0.00000000  -0.03033808
    -4.33825725| -0.00000000  -0.00000000  -0.00000000  -0.00000000   0.00000000   0.00000000   0.00000000   0.00000000  -0.00000000  -0.00000000   0.00000000   0.78241845   0.00000000  -0.55295870  -0.00000000   0.00000000  -0.00000000  -0.00000000   0.00000000   0.00000000   0.00000000  -0.00000000   0.00000000   0.06031810   0.00000000   0.00000000  -0.00000000   0.00000000  -0.00000000  -0.06031810  -0.00000000
    -4.30200198|  0.00000000   0.00000000   0.00000000   0.00000000   0.15099596  -0.00000000  -0.00000000   0.00000000  -0.32651666   0.00000000  -0.00000000  -0.54082122  -0.00000000  -0.76524431   0.00000000   0.00000000   0.00000000   0.00000000   0.06278777   0.00000000  -0.00000000   0.00000000  -0.00000000  -0.05189502  -0.00000000  -0.00000000  -0.00000000  -0.00000000   0.00000000  -0.05189502  -0.00000000
    -4.10765234| -0.00507820  -0.78935459  -0.06871691  -0.03775590   0.00000000   0.95320484   0.12102922  -0.03483690  -0.00000000  -0.29523182  -0.10099559   0.00000000  -0.27490012  -0.00000000   0.57953509   0.20262064   0.03595945   0.06590061   0.00000000   0.25581342  -0.12928977  -0.02938087  -0.01019760   0.00000000  -0.00244815   0.26102911  -0.07160910   0.01644779  -0.03386954  -0.00000000  -0.03885328
    -4.02195891| -0.01349728   0.51038161  -0.21778730  -0.31145196  -0.00000000  -0.61101751   0.50414609   0.81157690   0.00000000  -0.22500725  -0.27131474   0.00000000  -0.35987641  -0.00000000   0.27383212   0.34282197  -0.03350286  -0.05444552  -0.00000000   0.15750665  -0.16524948  -0.06629435   0.00541633   0.00000000  -0.03267530   0.10367526  -0.19340174   0.01797816  -0.03693980   0.00000000  -0.02421930
    -3.89453266| -0.00000000   0.00000000   0.00000000  -0.00000000   0.44935529  -0.00000000  -0.00000000   0.00000000  -1.19738160   0.00000000  -0.00000000   0.17162153  -0.00000000   0.24283885   0.00000000   0.00000000   0.00000000   0.00000000   0.17821098   0.00000000  -0.00000000  -0.00000000   0.00000000  -0.05374890  -0.00000000   0.00000000  -0.00000000  -0.00000000  -0.00000000  -0.05374890  -0.00000000
    -3.77203038|  0.00286743   0.04458608  -0.30274787   0.20024494   0.00000000  -0.02494708   1.01643066  -0.60687561  -0.00000000  -0.30408267  -0.08704568   0.00000000   0.38333921   0.00000000  -0.01997783  -0.00697034  -0.03457268   0.01390815   0.00000000  -0.10582210  -0.27922507   0.03334894  -0.06724924  -0.00000000   0.12040759  -0.07247173   0.22797442   0.09929255   0.01186024  -0.00000000  -0.11198174
    -2.93105418| -0.00216433   0.27508654   0.24546896  -0.07751567  -0.00000000  -0.48864025  -0.95909576   0.00427606   0.00000000  -0.54029878   0.09413600  -0.00000000   0.04547868  -0.00000000   0.18589266  -0.47804939  -0.18812174   0.03284866  -0.00000000   0.95243035   0.94374678   0.33417760   0.03816896   0.00000000   0.04617068   0.13626037  -0.50947607  -0.05199612  -0.32762312   0.00000000   0.02034637
    -2.84878807|  0.00053682  -0.49289722   0.03741371  -0.21374216  -0.00000000   0.82146259   0.00932840   1.03216015   0.00000000   0.18154196  -0.34398455   0.00000000   0.47528536  -0.00000000  -0.25554069   0.77973856  -0.06446994   0.19809455  -0.00000000  -0.53131477   0.13950744   0.00904467   0.14154514   0.00000000  -0.06246250  -1.06612543  -0.92602510   0.00166947  -0.30095268   0.00000000  -0.05532468
    -2.51896139| -0.02543150  -0.55266087  -0.12516595  -0.13405998  -0.00000000   1.46954544   0.27582591   0.18219584   0.00000000  -0.22761296   0.07802209  -0.00000000  -0.19285961   0.00000000   0.17143969   0.84072122   0.12188097   0.13816382  -0.00000000   0.52434251  -1.68709979  -0.30101897   0.07715213   0.00000000  -0.02474956   0.52398042  -1.39338087   0.02974349  -0.26379504  -0.00000000  -0.07099192
    -2.34071502|  0.00215412   0.06379547  -0.06698427   0.08240707  -0.00000000  -0.15393251   0.52796074  -0.49872556   0.00000000  -0.07313989   0.00005769  -0.00000000   0.06392911  -0.00000000   0.00928124  -0.28699370   0.11807722  -0.11875438  -0.00000000  -0.22540804  -0.08404385  -0.03519421   0.71445307   0.00000000   0.00668097   0.21471721   0.55765315  -0.73186671  -0.15476696   0.00000000   0.03280571
    -2.23145211|  0.00221200  -0.00336000  -0.05924045   0.06592250   0.00000000  -0.02771650   0.33584257  -0.34707814  -0.00000000  -0.31462958  -0.11408770  -0.00000000   0.32982663   0.00000000   0.02277879  -0.39302124  -0.43511652   0.26865508   0.00000000   0.62081098  -0.84866272   0.12097647   0.06833526  -0.00000000   0.29351749  -0.68773750   1.31418852  -0.02514364  -0.11377331  -0.00000000  -0.24081454
    -2.15108840| -0.01729943  -0.53683859   0.07965527   0.08779988   0.00000000   1.33736711  -0.36474070  -0.36582026   0.00000000   0.11103166  -0.00630744   0.00000000   0.04316221   0.00000000   0.03097059  -2.47412069   0.26676425   0.41551232   0.00000000  -0.26334619   0.88178211   0.03840353  -0.03479792  -0.00000000   0.13351528  -0.15415296   0.55281310   0.00982144   0.06578773  -0.00000000   0.15462696
    -2.13417274| -0.00000000  -0.00000000  -0.00000000  -0.00000000  -0.00000002   0.00000000   0.00000000  -0.00000000   0.00000006  -0.00000000  -0.00000000   0.48313660  -0.00000000  -0.34144722   0.00000000  -0.00000000  -0.00000000  -0.00000000  -0.00000014  -0.00000000   0.00000000  -0.00000000   0.00000000  -0.79714941   0.00000000  -0.00000000   0.00000000   0.00000000   0.00000000   0.79714950  -0.00000000
    -2.12508133|  0.00000000   0.00000000  -0.00000000   0.00000000  -0.15304773  -0.00000000   0.00000000  -0.00000000   0.62233641  -0.00000000   0.00000000  -0.09097145   0.00000000  -0.12872150  -0.00000000   0.00000000   0.00000000   0.00000000  -1.24289738   0.00000000  -0.00000000   0.00000000  -0.00000000   0.28760548  -0.00000000   0.00000000  -0.00000000  -0.00000000   0.00000000   0.28760530  -0.00000000
    -2.01080343|  0.00000000   0.00000000  -0.00000000   0.00000000  -0.12363608  -0.00000000   0.00000000  -0.00000000   0.92516813  -0.00000000   0.00000000   0.22259545  -0.00000000   0.31496528   0.00000000   0.00000000  -0.00000000   0.00000000  -0.61468350   0.00000000  -0.00000000  -0.00000000   0.00000000  -0.76363212  -0.00000000   0.00000000  -0.00000000  -0.00000000   0.00000000  -0.76363211  -0.00000000
    -1.95793708| -0.01116959  -0.24203812  -0.05264341  -0.07994766  -0.00000000   0.19213927   0.23591526   0.38304755   0.00000000   0.02547424   0.06613467  -0.00000000   0.03572754   0.00000000   0.00880826  -4.13776741  -1.14905183  -1.71486110  -0.00000000  -0.57800351   2.51445763  -0.03738691  -0.12768263   0.00000000   0.27473180  -0.56769839   2.52966072  -0.09120151  -0.05934604  -0.00000000   0.31307192
    -1.90504314| -0.00069709  -0.02293729   0.12022781  -0.10329063  -0.00000000  -0.00620970  -0.42042964   0.31556838   0.00000000  -0.09609180   0.04387008   0.00000000   0.06719553  -0.00000000  -0.00147142   0.08204418   2.18202390  -1.45124965  -0.00000000   0.67993246  -2.33049123   0.10491736  -0.12081493  -0.00000000  -0.85377694  -0.68309933   2.28096973  -0.00349410  -0.22611146   0.00000000   0.83341269
    -1.72116539|  0.00086672  -0.04879348  -0.07631436  -0.06709793   0.00000000  -0.05953450   0.43957246   0.20748667  -0.00000000  -0.17260202   0.71132300   0.00000000   0.04660688  -0.00000000   0.01823485   0.72098046  -0.13332591   0.41309568   0.00000000  -0.06285439  -0.21854116  -0.18802892  -0.86589958  -0.00000000   0.11971884   0.24592489  -0.60550694  -0.71973505  -0.48673767   0.00000000  -0.16448068
    -1.40994943| -0.00860781  -0.33680502  -0.01815509  -0.01633070   0.00000000   1.03753517  -0.01634424   0.01118351   0.00000000  -0.00756952  -0.01343540  -0.00000000   0.00801759  -0.00000000   0.10875084  -3.47672855  -0.39931591  -0.51578166  -0.00000000   0.00418456   0.51336320  -0.05576272   0.04734727   0.00000000   1.35198927  -0.03037083   0.50464159   0.05628327  -0.01030181   0.00000000   1.16764870
    -1.32240864| -0.00220033  -0.02175201   0.08310203  -0.05457612   0.00000000   0.11840915  -0.27656681   0.25514358  -0.00000000   0.10422467   0.02359215   0.00000000  -0.07561776  -0.00000000  -0.01595011  -0.07931192   1.08176011  -0.78710464   0.00000000  -0.09879551   0.03709683   0.09376734  -0.00797333   0.00000000  -3.02757322   0.07239087  -0.12657680   0.01661371  -0.03353805   0.00000000   3.11861124
    -0.63352564|  0.01197288   0.13194416  -0.14664858  -0.17946494   0.00000000  -1.88864690  -0.79859074  -1.20784068   0.00000000  -0.71031064   0.23952639  -0.00000000  -0.64350484  -0.00000000   0.43884418  -1.29359972  -0.11930862  -0.13205509  -0.00000000   0.64273699   1.72353277  -1.10103257   0.15927634   0.00000000  -0.12388859   0.70487606   1.62834639   0.51923630  -0.94446653  -0.00000000   0.01988637
     1.06705197|  0.03210709   0.07885262  -0.30976329   0.22438477  -0.00000000  -0.45647033  -1.66456970   1.14899736   0.00000000  -1.12180857  -0.38382486  -0.00000000   1.31244442  -0.00000000   0.15156054   0.19859234   0.43223703  -0.28452915  -0.00000000   1.23590614   0.79435724  -1.04842217  -0.05515204   0.00000000  -0.79358032  -1.15907273  -0.78844164  -0.38650110   0.99603686  -0.00000000   0.70805708
     7.84681029| -0.50158881  -0.83293000  -0.09885806  -0.09006604  -0.00000000   6.16479187  -0.03073917   0.15857339   0.00000000  -1.98197190   0.01314263  -0.00000000  -1.80927062   0.00000000  -1.83149429  -2.17910604   0.01712085  -0.01209187  -0.00000000   0.08017690  -0.21596254  -0.30501154  -0.02882123  -0.00000000   0.41163846  -0.08687699  -0.31357143   0.02819710  -0.16070348  -0.00000000   0.48602445

 it |        E_tot (Eh) |          dE |     p_rms 
----+-------------------+-------------+-----------
  1 |    -56.2917851629 |   7.075e+01 |  9.37e-01
  2 |    -91.0036581307 |  -3.471e+01 |  8.38e-01
  3 |    -65.6909033911 |   2.531e+01 |  1.94e-01
  4 |    -85.2787793458 |  -1.959e+01 |  1.60e-01
  5 |    -71.7698525207 |   1.351e+01 |  6.22e-02
  6 |    -79.3372280132 |  -7.567e+00 |  3.42e-02
  7 |    -75.2585312301 |   4.079e+00 |  1.75e-02
  8 |    -77.3586872414 |  -2.100e+00 |  9.11e-03
  9 |    -76.2974921861 |   1.061e+00 |  4.48e-03
 10 |    -76.8235031437 |  -5.260e-01 |  2.24e-03
 11 |    -76.5610293176 |   2.625e-01 |  1.11e-03
 12 |    -76.6904837854 |  -1.295e-01 |  5.47e-04
 13 |    -76.6261192320 |   6.436e-02 |  2.73e-04
 14 |    -76.6578778599 |  -3.176e-02 |  1.34e-04
 15 |    -76.6421116381 |   1.577e-02 |  6.68e-05
 16 |    -76.6498959775 |  -7.784e-03 |  3.28e-05
 17 |    -76.6460340886 |   3.862e-03 |  1.64e-05
 18 |    -76.6479414978 |  -1.907e-03 |  8.03e-06
 19 |    -76.6469954703 |   9.460e-04 |  4.02e-06
 20 |    -76.6474627893 |  -4.673e-04 |  1.97e-06
 21 |    -76.6472310353 |   2.318e-04 |  9.86e-07
 22 |    -76.6473455242 |  -1.145e-04 |  4.82e-07
 23 |    -76.6472887489 |   5.678e-05 |  2.42e-07
 24 |    -76.6473167972 |  -2.805e-05 |  1.18e-07
 25 |    -76.6473028883 |   1.391e-05 |  5.94e-08
 26 |    -76.6473097598 |  -6.871e-06 |  2.89e-08
 27 |    -76.6473063524 |   3.407e-06 |  1.46e-08
 28 |    -76.6473080358 |  -1.683e-06 |  7.07e-09
 29 |    -76.6473072010 |   8.348e-07 |  3.60e-09
 30 |    -76.6473076135 |  -4.124e-07 |  1.73e-09
 31 |    -76.6473074090 |   2.045e-07 |  8.87e-10
 32 |    -76.6473075100 |  -1.010e-07 |  4.25e-10
 33 |    -76.6473074599 |   5.010e-08 |  2.19e-10
 34 |    -76.6473074847 |  -2.475e-08 |  1.04e-10
 35 |    -76.6473074724 |   1.227e-08 |  5.44e-11
 36 |    -76.6473074785 |  -6.065e-09 |  2.57e-11

Computed molecular orbitals and energies:

    epsilon    |            coefficients             
---------------+-------------------------------------
   -20.56515062| -0.96504455   0.00014855   0.00501285   0.00760872   0.00000000  -0.28077057   0.00472869   0.00870416  -0.00000000   0.10969350  -0.00713177   0.00000000   0.10659098  -0.00000000   0.09060309   0.11336468   0.00074019   0.00072606  -0.00000000  -0.01612706   0.00286011   0.02173291   0.00055293   0.00000000  -0.02106712  -0.01767534   0.00192109  -0.00710654   0.02189646   0.00000000  -0.02045257
    -1.55267400| -0.29992924   0.54755258   0.01588877   0.02298144  -0.00000000   0.98616111  -0.02136167  -0.04896945  -0.00000000  -0.25160634   0.02433931  -0.00000000  -0.24013488   0.00000000  -0.20009804  -0.42903154  -0.01084386  -0.01692386   0.00000000   0.18024955   0.03900652  -0.08100822   0.00221658  -0.00000000   0.08022027   0.19677617   0.05523063   0.03196652  -0.08685619  -0.00000000   0.07579907
    -0.71055488|  0.00036521   0.00057667  -0.39904630   0.28001938   0.00000000  -0.00690703  -0.24103746   0.16201740   0.00000000  -0.06222255  -0.00994868   0.00000000   0.04929251   0.00000000   0.00180388  -0.01868142   0.01272546  -0.01334461   0.00000000  -0.23114632  -0.12038707   0.01164390   0.00721216   0.00000000  -0.02747654   0.23996419   0.13922906  -0.00391174  -0.02397541   0.00000000   0.03103990
    -0.56359465| -0.07482823   0.17148750  -0.31256026  -0.44399007   0.00000000   0.37435327  -0.22276171  -0.32401395   0.00000000  -0.06648128  -0.00704317   0.00000000  -0.07889791   0.00000000  -0.02155369  -0.13717269  -0.04125686  -0.05838312   0.00000000  -0.14466924  -0.07418747  -0.00320565  -0.01266876   0.00000000   0.02435774  -0.14037191  -0.06921365  -0.00921398  -0.01112336   0.00000000   0.02156311
    -0.48057967| -0.00000000   0.00000000   0.00000000  -0.00000000   0.62080158   0.00000000   0.00000000  -0.00000000   0.46156681   0.00000000   0.00000000   0.01145431  -0.00000000   0.01739494  -0.00000000  -0.00000000  -0.00000000  -0.00000000   0.10007423   0.00000000   0.00000000  -0.00000000   0.00000000   0.02118952   0.00000000  -0.00000000   0.00000000   0.00000000   0.00000000   0.02124421   0.00000000
     0.03671599| -0.04563544   0.11254104   0.05551928   0.07647645   0.00000000   0.23889071   0.05058113   0.05839754   0.00000000  -0.05847182   0.01018313   0.00000000  -0.05439810   0.00000000  -0.04240237   0.68328112   0.08821660   0.11810613   0.00000000   0.00292433  -0.17077742  -0.02387614   0.00217453   0.00000000  -0.70949628   0.00888733  -0.15200459   0.01143398  -0.02606900   0.00000000  -0.75637674
     0.07353490|  0.00043323  -0.00114713  -0.07795769   0.05399917  -0.00000000  -0.00149725  -0.01423558   0.00926480   0.00000000   0.00135617   0.00070759  -0.00000000  -0.00054048   0.00000000   0.00042547  -0.00755847  -0.44958875   0.31705082  -0.00000000  -0.02039358   0.08624946   0.01063231   0.00126641  -0.00000000   2.45671694   0.02044645  -0.08546248   0.00210046  -0.01009521  -0.00000000  -2.43932784
     0.20378324|  0.10906389  -0.13152184  -0.05260506  -0.06357881   0.00000000  -1.31919027   0.01553835   0.06469761   0.00000000   0.15552243  -0.01884657   0.00000000   0.14528974   0.00000000   0.11307122   3.25531609   0.04895737   0.18080054   0.00000000   0.02995442  -0.17208483   0.04048949  -0.00678690  -0.00000000  -0.88020011   0.01339550  -0.28772188  -0.02332252   0.04581605  -0.00000000  -0.94260459
     0.24127514| -0.00023324  -0.00937109   0.11451281   0.15925623   0.00000000   0.00608567   0.23160049   0.32425660   0.00000000  -0.00776009   0.00268161   0.00000000  -0.00140912   0.00000000  -0.02367360  -1.62895132  -0.93609542  -1.32368053  -0.00000000  -0.00454648   0.68160691  -0.00928029  -0.00421638  -0.00000000   0.36805170  -0.00395585   0.68599537  -0.00120994  -0.00966171  -0.00000000   0.36201720
     0.25344279|  0.00000000   0.00000000  -0.00000000  -0.00000000   0.21438281  -0.00000000  -0.00000000  -0.00000000   0.53826218   0.00000000  -0.00000000   0.00398692   0.00000000   0.00614375   0.00000000   0.00000000   0.00000000   0.00000000  -1.23704917   0.00000000  -0.00000000  -0.00000000   0.00000000  -0.00579068  -0.00000000   0.00000000   0.00000000   0.00000000   0.00000000  -0.00577082  -0.00000000
     0.30457615| -0.00315346   0.00135900   0.07151512  -0.04476461   0.00000000   0.05233319   0.16431485  -0.10407566   0.00000000   0.05171867   0.00748955  -0.00000000  -0.04762819  -0.00000000  -0.00496479  -0.05279595  -2.06223020   1.46273225  -0.00000000   0.01142286   1.12122268   0.00332734   0.00719197  -0.00000000   1.83606073  -0.02336337  -1.16071911  -0.00430442   0.00252550   0.00000000  -1.79700261
     0.36831364| -0.00232728  -0.00165481  -0.26129647   0.19562984   0.00000000   0.06131305  -0.71899190   0.54712292   0.00000000   0.05066646  -0.00374247   0.00000000  -0.03528568   0.00000000  -0.00378036   0.07615751  -0.24070360   0.20709408  -0.00000000   0.07579685   1.65702586   0.01082313   0.00737068   0.00000000  -0.78835514  -0.09520618  -1.83675131  -0.00174602   0.00230230  -0.00000000   0.80058801
     0.39659613| -0.03458344   0.02633211   0.12053407   0.15597235   0.00000000   0.75418049   0.44207796   0.56710024   0.00000000   0.00873729   0.01577681   0.00000000   0.00083378   0.00000000   0.04988583   4.09322936   0.67125068   0.90076199  -0.00000000  -0.11760319  -2.73546481   0.02187786   0.00530740  -0.00000000  -0.27710643  -0.10571809  -2.59870370   0.00112830   0.01675693  -0.00000000  -0.30167835
     1.18454909|  0.00434282  -0.06541551  -0.31489025   0.18130502  -0.00000000   0.15693219   0.10272470   0.02632795   0.00000000   0.31006528   0.07247496   0.00000000  -0.25845859   0.00000000  -0.01226115   0.06601052   0.89545180  -0.60295071  -0.00000000   0.80365326  -1.90622329   0.12072468   0.04532633  -0.00000000  -0.11060497  -0.76403848   1.62690210  -0.02820835  -0.07127734  -0.00000000   0.13723850
     1.26576834|  0.05899448  -0.66173982  -0.16898251  -0.39852661  -0.00000000   1.37877026   0.20778400   0.60633870   0.00000000   0.20535267  -0.17221459   0.00000000   0.16156925   0.00000000  -0.14274774   1.65371830   0.36644218   0.48753659  -0.00000000   0.59742819  -1.85831535   0.16766407  -0.05378146  -0.00000000  -0.03210435   0.66144649  -2.16927838  -0.12730783   0.21931763  -0.00000000   0.10794038
     1.39435520| -0.02165468  -0.01980237  -0.72591480  -0.39897973  -0.00000000   0.36735422   1.43584586   0.60255475   0.00000000  -0.09252666   0.10617739   0.00000000   0.02723235   0.00000000   0.12343460  -0.49979059  -0.76289803  -0.27928749  -0.00000000  -0.47367048   0.09406823   0.16895445   0.04666095   0.00000000   0.47567330  -0.22926444   0.28636096   0.07090873   0.01814185  -0.00000000  -0.27155568
     1.40659283| -0.01670728   0.04344704   0.42585392  -0.69615347  -0.00000000   0.09286973  -0.95533024   1.45356722   0.00000000   0.05567342   0.03796288   0.00000000  -0.09523104   0.00000000   0.08273848  -0.46599987   0.48286402  -0.84672355  -0.00000000  -0.09168721   0.55040265  -0.12170461   0.05823262   0.00000000  -0.68093616  -0.47999292   0.07506306  -0.05552424   0.17956401  -0.00000000   0.79182642
     1.42195836| -0.00000000  -0.00000000  -0.00000000  -0.00000000   1.00153548   0.00000000  -0.00000000   0.00000000  -1.41355557   0.00000000   0.00000000  -0.01588232  -0.00000000  -0.02235480   0.00000000  -0.00000000   0.00000000  -0.00000000   0.64032429  -0.00000000   0.00000000  -0.00000000   0.00000000  -0.00904900  -0.00000000  -0.00000000   0.00000000   0.00000000   0.00000000  -0.00915299   0.00000000
     1.64183603| -0.07240847   1.44589505  -0.17400863  -0.23598194   0.00000000  -2.27236600   0.07747120   0.13153413  -0.00000000  -0.07460983  -0.12755579  -0.00000000  -0.12935802   0.00000000  -0.29847208   2.34499128   0.15366096   0.19654133   0.00000000   0.41879568  -0.48911859  -0.12032853  -0.08670197  -0.00000000  -0.38151947   0.38360611  -0.46431962  -0.04777319  -0.13232821   0.00000000  -0.37406474
     1.78670016| -0.00000000  -0.00000000  -0.00000000   0.00000000   0.00046282   0.00000000   0.00000000   0.00000000   0.00061270  -0.00000000  -0.00000000   0.54832695  -0.00000000  -0.38665889   0.00000000  -0.00000000  -0.00000000  -0.00000000  -0.00029929  -0.00000000   0.00000000  -0.00000000  -0.00000000   0.35090175   0.00000000  -0.00000000   0.00000000  -0.00000000  -0.00000000  -0.35147055  -0.00000000
     1.82504036| -0.00070773  -0.19712732  -0.04867212   0.05305928   0.00000000   0.46184021   0.30836164   0.30957240  -0.00000000  -0.00084962  -0.59358170  -0.00000000  -0.29470593   0.00000000   0.42166489  -0.40856840  -0.15387687  -0.10752225   0.00000000  -0.31113811   0.16756161   0.01588421  -0.30610237  -0.00000000   0.09979696  -0.29111635   0.11125934  -0.29590578  -0.01597510   0.00000000   0.02285213
     1.93420532|  0.00000000   0.00000000   0.00000000   0.00000000   0.01660732  -0.00000000   0.00000000  -0.00000000  -0.25986581  -0.00000000   0.00000000   0.46214715   0.00000000   0.65309858  -0.00000000  -0.00000000  -0.00000000   0.00000000   0.06303371  -0.00000000   0.00000000   0.00000000   0.00000000   0.29051027   0.00000000   0.00000000   0.00000000   0.00000000  -0.00000000   0.29195003  -0.00000000
     2.53892997|  0.00428361  -0.07709640   0.01715126  -0.04928835  -0.00000000   0.08068331  -0.43204442   0.40159966   0.00000000   0.16673083  -0.01135990  -0.00000000  -0.01065456  -0.00000000  -0.10553175  -0.08974951   0.08453165  -0.10952062  -0.00000000   0.08289908   0.11075455  -0.03294729  -0.74221309   0.00000000  -0.09061032  -0.29075507   0.01103933   0.71790064   0.21214948   0.00000000   0.10790762
     2.57929153| -0.03315549   0.57960387   0.23034817   0.13956285   0.00000000  -0.54749120  -0.43046561  -0.38019436  -0.00000000  -0.53154828   0.21091994   0.00000000  -0.41795499   0.00000000   0.65068545   0.58497430   0.22323679   0.17034926   0.00000000   0.70132019  -0.47019619   0.40984744  -0.02321966  -0.00000000  -0.09135735   0.59176260  -0.31738695   0.10183978   0.25957033  -0.00000000  -0.02378791
     2.76331924|  0.00749850  -0.10423641   0.42045566  -0.37399586   0.00000000   0.04235963  -0.39953788   0.37830074   0.00000000  -0.42454956  -0.13696268   0.00000000   0.46750710   0.00000000  -0.03533074  -0.05463902   0.40435304  -0.32051120   0.00000000   0.47471432  -0.58543121   0.46953199  -0.02059035  -0.00000000  -0.15115894  -0.53757063   0.66922151   0.09575935  -0.65176156  -0.00000000   0.16137433
     2.96013167| -0.00000000   0.00000000  -0.00000000   0.00000000  -0.01071495   0.00000000   0.00000000  -0.00000000   0.50887574   0.00000000   0.00000000   0.40479094  -0.00000000   0.57914086  -0.00000000  -0.00000000  -0.00000000   0.00000000  -0.10071514  -0.00000000   0.00000000  -0.00000000  -0.00000000  -0.76308816   0.00000000   0.00000000  -0.00000000  -0.00000000   0.00000000  -0.76798691  -0.00000000
     3.00171686|  0.00000000   0.00000000  -0.00000000   0.00000000  -0.00021904  -0.00000000   0.00000000  -0.00000000  -0.00216835   0.00000000  -0.00000000  -0.73961774  -0.00000000   0.52032409   0.00000000   0.00000000   0.00000000   0.00000000   0.00049339   0.00000000  -0.00000000  -0.00000000   0.00000000   0.72119885  -0.00000000   0.00000000  -0.00000000   0.00000000   0.00000000  -0.71511211  -0.00000000
     3.37067361| -0.00234555   0.04164475   0.00036402   0.04624024  -0.00000000  -0.08400947  -0.39239592  -0.32828650   0.00000000   0.11609762  -0.97925409   0.00000000  -0.15535146   0.00000000   0.02693338  -0.34764951   0.02522810  -0.05613332  -0.00000000   0.09603562   0.23759828  -0.02183860   0.83400538  -0.00000000  -0.00790485  -0.16933911   0.27580891   0.73847846   0.32793678  -0.00000000   0.05184787
     4.21935940|  0.09276982  -0.15419995  -0.30058892  -0.41592204  -0.00000000  -1.87844831  -0.51369874  -0.79000266   0.00000000  -0.57484070   0.38981709   0.00000000  -0.46842531   0.00000000   0.85116701  -0.31524052  -0.04221646  -0.02750862   0.00000000   0.96295566   0.74869950  -1.05731107   0.04456729  -0.00000000  -0.05114943   1.04543524   0.71608619   0.40876420  -0.96838586   0.00000000  -0.06597384
     5.95852516| -0.01482483  -0.04344784   0.49384032  -0.34487800   0.00000000   0.21930461   1.37596493  -0.96949221   0.00000000   1.28703810   0.41268824   0.00000000  -1.34513914  -0.00000000  -0.08546028  -0.07202957  -0.31568021   0.21963784  -0.00000000  -1.37426073  -0.44030703   1.00067695   0.04996796  -0.00000000   0.43682358   1.30070686   0.43150467   0.38526167  -0.90677361  -0.00000000  -0.41022286
    14.80988413|  0.53081140   0.91534227   0.13111355   0.15498199   0.00000000  -5.85249300   0.03636183  -0.04349319  -0.00000000   2.02294568  -0.07927788   0.00000000   1.89971953  -0.00000000   1.75122289   2.04960175  -0.00492746   0.01100131   0.00000000  -0.20438855   0.16289744   0.40990860   0.02724573   0.00000000  -0.37530386  -0.12560475   0.20111938  -0.09148678   0.33438680   0.00000000  -0.40395661

SCF converged in 36 iterations
Final E_tot = -76.647307476446 Eh

RUN END
-------
Total run time: 844.73 s
