HF PYTHON PROGRAM OUTPUT FILE
==============================

RUN INFO
--------
input file: NH3.xyz
basis type: 6-31++G**
number of atoms: 4
number of electrons: 10
number of basis functions: 37
maximum number of iterations: 50
energy tolerance |dE| < 1.000e-08
density tolerance p_rms < 1.000e-06

ATOM COORDINATES (BOHR)
-----------------------
 Z  sym          x               y               z
--- ----  ---------------  ---------------  ---------------
  7    N      -0.30289659       0.45330144       0.02375544
  1    H       0.32699050      -1.32835709       0.02375544
  1    H       0.32702302       1.34411867       1.56671065
  1    H       0.32702302       1.34411867      -1.51919976

CGTO BASIS SET
--------------
[      X            Y            Z     ]  (i, j, k)  (    coeff   ,     alpha   )
----------------------------------------  ---------  ----------------------------
[ -0.30289659   0.45330144   0.02375544], (0, 0, 0), (  0.00183477, 4173.51146000), (  0.01399463, 627.45791100), (  0.06858655, 142.90209300), (  0.23224087,  40.23432930), (  0.46906995,  12.82021290), (  0.36045520,   4.39043701)
[ -0.30289659   0.45330144   0.02375544], (0, 0, 0), ( -0.11496118,  11.62636186), ( -0.16911748,   2.71627981), (  1.14585195,   0.77221840)
[ -0.30289659   0.45330144   0.02375544], (1, 0, 0), (  0.06757974,  11.62636186), (  0.32390730,   2.71627981), (  0.74089514,   0.77221840)
[ -0.30289659   0.45330144   0.02375544], (0, 1, 0), (  0.06757974,  11.62636186), (  0.32390730,   2.71627981), (  0.74089514,   0.77221840)
[ -0.30289659   0.45330144   0.02375544], (0, 0, 1), (  0.06757974,  11.62636186), (  0.32390730,   2.71627981), (  0.74089514,   0.77221840)
[ -0.30289659   0.45330144   0.02375544], (0, 0, 0), (  1.00000000,   0.21203150)
[ -0.30289659   0.45330144   0.02375544], (1, 0, 0), (  1.00000000,   0.21203150)
[ -0.30289659   0.45330144   0.02375544], (0, 1, 0), (  1.00000000,   0.21203150)
[ -0.30289659   0.45330144   0.02375544], (0, 0, 1), (  1.00000000,   0.21203150)
[ -0.30289659   0.45330144   0.02375544], (2, 0, 0), (  1.00000000,   0.80000000)
[ -0.30289659   0.45330144   0.02375544], (1, 1, 0), (  1.00000000,   0.80000000)
[ -0.30289659   0.45330144   0.02375544], (1, 0, 1), (  1.00000000,   0.80000000)
[ -0.30289659   0.45330144   0.02375544], (0, 2, 0), (  1.00000000,   0.80000000)
[ -0.30289659   0.45330144   0.02375544], (0, 1, 1), (  1.00000000,   0.80000000)
[ -0.30289659   0.45330144   0.02375544], (0, 0, 2), (  1.00000000,   0.80000000)
[ -0.30289659   0.45330144   0.02375544], (0, 0, 0), (  1.00000000,   0.06390000)
[ -0.30289659   0.45330144   0.02375544], (1, 0, 0), (  1.00000000,   0.06390000)
[ -0.30289659   0.45330144   0.02375544], (0, 1, 0), (  1.00000000,   0.06390000)
[ -0.30289659   0.45330144   0.02375544], (0, 0, 1), (  1.00000000,   0.06390000)
[  0.32699050  -1.32835709   0.02375544], (0, 0, 0), (  0.03349460,  18.73113696), (  0.23472695,   2.82539437), (  0.81375733,   0.64012169)
[  0.32699050  -1.32835709   0.02375544], (0, 0, 0), (  1.00000000,   0.16127776)
[  0.32699050  -1.32835709   0.02375544], (1, 0, 0), (  1.00000000,   1.10000000)
[  0.32699050  -1.32835709   0.02375544], (0, 1, 0), (  1.00000000,   1.10000000)
[  0.32699050  -1.32835709   0.02375544], (0, 0, 1), (  1.00000000,   1.10000000)
[  0.32699050  -1.32835709   0.02375544], (0, 0, 0), (  1.00000000,   0.03600000)
[  0.32702302   1.34411867   1.56671065], (0, 0, 0), (  0.03349460,  18.73113696), (  0.23472695,   2.82539437), (  0.81375733,   0.64012169)
[  0.32702302   1.34411867   1.56671065], (0, 0, 0), (  1.00000000,   0.16127776)
[  0.32702302   1.34411867   1.56671065], (1, 0, 0), (  1.00000000,   1.10000000)
[  0.32702302   1.34411867   1.56671065], (0, 1, 0), (  1.00000000,   1.10000000)
[  0.32702302   1.34411867   1.56671065], (0, 0, 1), (  1.00000000,   1.10000000)
[  0.32702302   1.34411867   1.56671065], (0, 0, 0), (  1.00000000,   0.03600000)
[  0.32702302   1.34411867  -1.51919976], (0, 0, 0), (  0.03349460,  18.73113696), (  0.23472695,   2.82539437), (  0.81375733,   0.64012169)
[  0.32702302   1.34411867  -1.51919976], (0, 0, 0), (  1.00000000,   0.16127776)
[  0.32702302   1.34411867  -1.51919976], (1, 0, 0), (  1.00000000,   1.10000000)
[  0.32702302   1.34411867  -1.51919976], (0, 1, 0), (  1.00000000,   1.10000000)
[  0.32702302   1.34411867  -1.51919976], (0, 0, 1), (  1.00000000,   1.10000000)
[  0.32702302   1.34411867  -1.51919976], (0, 0, 0), (  1.00000000,   0.03600000)

INTEGRAL BUILD TIMINGS
----------------------
S:         0.246 s
X:         0.009 s
H:         1.544 s
ERI:    1573.198 s
Enuc:      0.000 s

SCF ITERATIONS
--------------
Starting with a guess from hamiltonian:

    epsilon    |            coefficients             
---------------+-------------------------------------
   -25.75639059| -1.01471247   0.07741127  -0.00357759   0.00303600   0.00280272   0.01660839  -0.00161853   0.00345979   0.00293116  -0.02907890   0.00183971   0.00161499  -0.03319435   0.00218543  -0.02884552  -0.01122274  -0.00037209  -0.00071636  -0.00062070   0.00759581   0.00215835  -0.00109946   0.00397134  -0.00012720   0.00061108   0.00046136  -0.00266126   0.00119595   0.00118547   0.00192051   0.00356183   0.00502329   0.00032039  -0.00029413  -0.00096704   0.00142984   0.00183277
    -8.28703978| -0.24145011   1.50573466   0.07135752   0.10289008   0.10191646  -0.34041599  -0.14114924   0.06311329   0.06019924  -0.18072073   0.04268895   0.04029452  -0.35692310   0.05152676  -0.26623537  -0.13578415  -0.00842707  -0.00849853  -0.00729576   0.16324561   0.16494029  -0.03199723   0.09651507  -0.00257774  -0.00440146   0.02054533   0.08623016   0.00911948   0.00533165   0.01842626   0.02636359   0.12143972   0.14594923  -0.01898621  -0.03546899   0.05093382   0.00176192
    -7.42655932|  0.01563655  -0.05222510  -0.06240137   1.05326330  -0.49970652  -0.04810138   0.02012925  -0.19023204   0.04239176   0.01003869   0.08880317  -0.06206301   0.05718333  -0.07198030   0.06385168   0.05562784  -0.00024079   0.09467896  -0.03457182   0.05093134  -0.05160503  -0.01764413   0.07625006   0.00268049   0.10301925   0.02822299   0.01124702  -0.00715698  -0.02064997  -0.00548112  -0.03021980  -0.11683197   0.00215089   0.04029144   0.04970915  -0.10823784  -0.09191892
    -7.39684610| -0.03555703   0.11462472   0.28457936  -0.44679278  -1.03019797   0.09330210  -0.07294801   0.04473175   0.18478240  -0.01615630  -0.05267161  -0.08632256  -0.04306799  -0.08595981  -0.21744566  -0.12988748   0.00858082  -0.02942988  -0.09239728  -0.03101854   0.03114756   0.00662958  -0.03492588   0.00367727  -0.01297939   0.13593996  -0.00536695  -0.05461421  -0.07325444  -0.11036734   0.12471298  -0.00556622   0.06609782   0.00071738   0.01153719  -0.02315294  -0.06189199
    -7.22053357|  0.01859518  -0.15845404   1.06490343   0.18436296   0.26088679   0.14950061  -0.16775527  -0.05251069  -0.07103433   0.02485727   0.00681320   0.01057948   0.03682503   0.00638314   0.05075318  -0.04496796   0.06221178   0.01950885   0.02864325  -0.05542247  -0.02835041   0.00617755  -0.04534120  -0.00026135   0.02929586  -0.06588983   0.01475471   0.01388793   0.03487425   0.05985621  -0.03399278  -0.04723587  -0.02014244   0.00478141   0.02044988  -0.03612154   0.02212636
    -5.16949017|  0.00068319   0.01806259  -0.03821147  -0.46073170   0.39726023  -0.11665302  -0.00346863  -0.10736500  -0.03289030   0.02916731  -0.10803682  -0.00269116   0.86363579  -0.04944185  -0.93111243  -0.05724326  -0.01420600  -0.01068928   0.03767898  -0.58867644  -0.10585586   0.15537339  -0.39849916  -0.00415924   0.06071511  -0.03922723   0.05087668  -0.03038329  -0.04422093  -0.00236948  -0.01085069   0.77499227   0.15615256  -0.17199488  -0.26081967   0.39696491  -0.01860255
    -4.93039587|  0.04889476  -0.04884788   0.17118069  -0.54958039  -0.26999184  -0.11466753  -0.01221123   0.06045848   0.04415776  -0.22101162   0.03459807   0.03200956   0.79471341   0.03538840   0.41112508   0.48777269   0.07289379  -0.06994421  -0.02719784  -0.96028718  -0.21985823   0.19975071  -0.55638768   0.00140237  -0.09374260   0.39589612  -0.10174470  -0.04448859  -0.07445798  -0.13524457  -0.02761498  -0.18698724  -0.14275771   0.04794874   0.06802423  -0.11545102  -0.04629070
    -4.30040562| -0.04541526  -0.68926928  -0.33049032  -0.05496186   0.00530344   0.78321061   0.20589282   0.08655751   0.06965013   0.05114180   0.11632523   0.01777116  -0.47979073   0.04592161  -0.26793676  -0.21615909  -0.04930791  -0.02672254  -0.00255801   0.44503310   0.01657931  -0.07551784   0.24480775  -0.00133936   0.00015389   0.61472766  -0.05130520  -0.06958831  -0.12630477  -0.16609274   0.06087197   0.64602835   0.03188700  -0.06920005  -0.12660451   0.21065805   0.02313364
    -4.07920020| -0.00368791  -0.02517020  -0.01367571  -0.03410910   0.18601115   0.04743321   0.01132443   0.02588486  -0.26670323  -0.01521049  -0.08789082  -0.33375713   0.19627007   0.85267531  -0.23648454  -0.02476411  -0.00400456   0.00097886   0.04623838   0.04187232   0.00235432   0.02007433  -0.04826141  -0.06840789   0.01110108  -0.01432763   0.05840205  -0.00568809   0.08136762   0.04090994  -0.04025611   0.05012876  -0.04719922  -0.01805852  -0.09255995   0.11738113   0.03755773
    -4.04633548| -0.00591556  -0.12794183  -0.01040468  -0.04039187   0.01027773   0.17688349  -0.00107247   0.06273456   0.03653974  -0.09854109  -0.21709532   0.71930915   0.45708686   0.16943286  -0.38368165  -0.05374880  -0.00055709   0.00561219  -0.03051736   0.17298799   0.00931878   0.04183482  -0.09998024   0.01068832   0.02909292   0.07420787  -0.01585892   0.05481293   0.04115781   0.00938058   0.04193226  -0.07498917   0.01966120  -0.09571061  -0.03669987   0.12342365  -0.05000150
    -3.91920466| -0.00686999  -0.02010175  -0.00302496   0.27354541   0.01771093   0.15749922   0.02672950  -0.28285828   0.01300394   0.13902744   0.95012723   0.13300378  -0.14496980   0.10551423  -0.06443969  -0.03609071  -0.00036850   0.04760420  -0.00899162   0.25719449  -0.07819543  -0.13254358   0.17054571  -0.00382970   0.05214623  -0.19309736  -0.00320568   0.09936205   0.08074741   0.07033903  -0.00846122  -0.20012116   0.00744678   0.05439387   0.03711333  -0.02749012  -0.02828524
    -3.78701029|  0.00287441  -0.10386583  -0.04190594  -0.10680465   0.33487760   0.24717348   0.14392405   0.16358390  -0.62172911   0.52697603  -0.07581466   0.45746595  -0.35358722   0.27432956  -0.02830090   0.16697529   0.01181428  -0.04435384   0.09608811  -0.37253070  -0.08327387   0.02265365   0.04988443  -0.02912112  -0.08433695  -0.20900590  -0.00130729   0.08363353   0.02645645   0.06772003  -0.08652446   0.18626746  -0.29232726  -0.04969325  -0.08480360   0.08634762   0.12714676
    -3.75868930| -0.00646918   0.49649229  -0.07737095   0.13858596   0.29171413  -0.78131610   0.02880587  -0.41223714  -0.66326127  -0.67523713   0.06337464   0.21508677  -0.08177571   0.09381506   0.18474662  -0.21536303  -0.06630049   0.05808152   0.11065294   0.22244230   0.04074590  -0.04936573   0.06074491  -0.02424310   0.10000664   0.05504835   0.41183626  -0.01307499  -0.02503886   0.02112489  -0.15523041   0.43709305   0.08982868  -0.05597851  -0.05124951   0.02508277   0.10410855
    -3.56333507| -0.01659733  -0.46210499   0.42631821   0.08223336   0.12329244   0.58326945  -1.07023695  -0.04635369  -0.18259952  -0.02828442   0.04923626   0.05507529  -0.02275167   0.04156964   0.16031436  -0.43366400   0.10963553   0.02103485   0.04211417   0.08809711   0.18163977  -0.06112628  -0.01304215  -0.01276001   0.07932598  -0.23783348   0.20225105  -0.04347986   0.02836888   0.07596274  -0.02577241   0.07242101   0.15219470  -0.04539510   0.02617551  -0.06802335   0.08901425
    -2.97922231|  0.00921810  -0.34587970  -0.04800721   0.02407314   0.01044902   0.50476112   0.50244600  -1.40906716   0.24567365   0.03840593  -0.42892042   0.07576697   0.81433161   0.12469718  -0.05521071   0.77796431   0.05405461  -0.01976033   0.01818719  -1.11718044  -0.68712984   0.21626574  -0.48866621   0.00405478   0.04560810  -0.25786652  -0.03687399   0.00222935  -0.14587954   0.00580203  -0.14024776   0.06199868   0.20983291   0.00059774  -0.16211330   0.05815375  -0.13645562
    -2.93422129|  0.01191557   0.26887672   0.03965759   0.08064822   0.07243401  -0.68124571  -0.57963562  -1.15256181   0.30188442   0.22289315  -0.31190842   0.15257424  -0.02738778   0.22827931  -0.74302063  -0.58104460  -0.04013921  -0.08842559  -0.01707359  -0.16735338  -0.56464597  -0.06347120   0.04939525   0.00803686   0.08067546   0.74763202   0.44066184  -0.02323841  -0.08980217   0.10376023   0.12425390   0.91000102   0.44187459  -0.16661238  -0.28200521   0.34032983  -0.02316072
    -2.65022116| -0.01308528  -0.03045101  -0.01428857   0.04113082  -0.21193465   0.34572524   0.03468289  -0.00546250   1.56326124  -0.06500353   0.01760874   0.38978995  -0.09615706   0.60524805  -0.03300759  -0.08451554   0.01152700  -0.00239220   0.31049907   0.11855905  -0.28349171  -0.04316495   0.09865347   0.10371013   0.00617448  -0.55928932  -1.27550167  -0.07544241  -0.05428618  -0.02786524  -0.06237166   0.60870670   1.13598695   0.10878767   0.12643039  -0.01973064   0.07948165
    -2.48235732|  0.00803430  -0.10752394  -0.03462622  -0.32331090  -0.00887079   0.34886043  -0.01341887   0.74339124   0.09852908   0.14988311   0.00114661   0.02961423  -0.04494948   0.04505630  -0.07815585   0.25208635   0.03856636   0.13923983   0.03705379  -0.04316342   1.13322538   0.26943233  -0.30926599   0.00774570  -0.04838574   0.34740367  -1.27195502  -0.12476790  -0.14926351  -0.20745606  -0.01750443   0.42096625  -1.08697186  -0.11998677  -0.14247448   0.21025360   0.00387209
    -2.26859180| -0.00694662   0.00872304   0.00230176  -0.00161372   0.07136138   0.01365345   0.02018229   0.14208333  -0.05228426  -0.04746014   0.06862495   0.08150501  -0.06174978   0.12594462   0.03716204  -0.11570163  -0.00355268   0.07977851   0.11318317   0.01316077   0.20516763   0.00928975   0.02188091  -0.56289771   0.05586933  -0.33006580   0.34612211   0.00535898  -0.45683997   0.35134358  -0.10653055   0.13561095  -0.30579161  -0.07259712   0.43963706   0.30405137   0.08059921
    -2.23893360| -0.03632186  -0.15180726  -0.04072863   0.01677884   0.22107578   0.62646529   0.16321462   0.21463927  -0.30053824  -0.20355882   0.12039867   0.26755790  -0.17849965   0.36811142   0.07925228   0.07892770   0.01992087   0.19612217   0.32614919   0.06100194   0.04654950  -0.02044287   0.12062430   0.20748130   0.12801459  -0.89533992   0.88811675  -0.04311169   0.18632179   0.05429988  -0.35909773   0.56931414  -1.31086274  -0.10625593  -0.28023079   0.07884879   0.19752724
    -2.21487137| -0.06718537  -0.86074821  -0.19734117   0.06007338  -0.00339344   2.77836003   0.72207894  -0.19402505  -0.14074450  -0.24232323  -0.02907343  -0.10662304   0.08276781  -0.14066873   0.05237019   1.79324429   0.15986826  -0.02687203  -0.15712074   0.30658122  -2.12704269  -0.16316112   0.19739882  -0.09056618  -0.12339431   0.05808303  -1.17162257   0.01844614  -0.24045784  -0.23448059  -0.15793177  -0.15002506  -1.34695101  -0.03859076  -0.16391075   0.14987969  -0.29043766
    -2.00903493| -0.00616993  -0.04254868  -0.01707554  -0.00324580   0.06548512   0.12265664   0.06345093   0.06416712  -0.48512076  -0.01676776   0.03974130   0.31591437  -0.01292119  -0.03267623  -0.01455515   0.12749520   0.00116614   0.09891325  -0.23930593   0.02971952  -0.00712833  -0.01781558   0.01282431   0.27506874   0.04870937   0.03240545   0.20461258  -0.65932631  -0.04945955   0.36274150   0.08681071  -0.12656915  -0.37544193   0.59026713  -0.07918181   0.35948926  -0.17510876
    -1.98857764|  0.00836197   0.09796927   0.02847150  -0.05897529  -0.00637785  -0.34502947  -0.13815567   0.69526115  -0.02474025   0.02027793  -0.30279657   0.00236240  -0.05478947   0.01068343   0.03481791  -0.34776934   0.00188777   0.22662938   0.08040663  -0.01559883   0.96929014  -0.73481895  -0.30890951   0.00155757   0.15937111  -0.01305782  -0.12606775   0.39038422  -0.28771297   0.00135604  -0.06491867   0.02848798  -0.16459686   0.39307788  -0.26246051  -0.03358086   0.01156009
    -1.90697731|  0.03350183   0.44215457  -0.11057377  -0.00957270  -0.00994244  -0.94256756   0.47887774  -0.03331916  -0.03672311  -0.07330053  -0.01920966   0.00159871   0.00272090   0.00655963   0.02065944   2.31067238  -0.72051614   0.14944517   0.19449681   0.13512294  -0.44155478   0.13216341   0.00413449   0.00565680  -0.10034685   0.18708482  -0.62268851   0.15408142  -0.01782248  -0.06039677  -0.29944012   0.15138373  -0.47224577   0.17157927   0.02126701   0.04130408  -0.11875884
    -1.82038324|  0.03037558   0.13860808   0.06554710  -0.04721800   0.03480954  -0.28985605  -0.27051315  -0.71457856   0.17955627   0.11230086   0.01099956   0.00327149   0.26901803   0.07087026  -0.18589984   1.13958252   0.53773011   1.69917467   0.16410266  -0.04205237  -0.09285746   0.31863238  -0.33820823   0.01912500   0.89881493   0.31729748  -0.94332471   0.02204200  -0.22122240   0.07092235  -0.66989839   0.20929637  -0.22448095  -0.14928309  -0.30686525   0.04856031  -0.48999525
    -1.79001303|  0.02002801   0.14983431   0.06613562   0.00391985  -0.01554026   0.34630414  -0.22921523   0.23093025  -0.19540183  -0.00472541  -0.01467678  -0.01263541  -0.11464535  -0.06794703   0.10341180   4.06259330   1.34400309  -0.75403273   0.26362143   0.53288810  -1.99071097  -0.06122077   0.09923326  -0.01541948  -0.81563905   0.35831113  -1.50028181   0.03027455   0.08992976  -0.09226322  -0.25653779   0.25525793  -1.51193719   0.14759941   0.14867416   0.00534038  -0.00000554
    -1.73337216|  0.01598013   0.10783842   0.05103425  -0.01627941  -0.14538092  -0.08784030  -0.14470193  -0.12376921   0.53816570  -0.01477178  -0.05173145   0.06186413   0.09838925   0.20378330   0.08061694   0.38587569   0.13420120   0.00848025  -2.39817961   0.04768062  -0.28916883   0.15470369  -0.13137041   0.04945241  -0.07443912  -0.58933682   1.50647826   0.18126790  -0.03646140  -0.08223834   1.31253639   0.74869781  -1.74818264   0.15360397   0.14427439  -0.10982791  -1.34342077
    -1.69574877|  0.04030153   0.09777104   0.12472162  -0.18147162  -0.04740147  -0.30309002  -0.43270633  -0.05831284  -0.41564564   0.02223711   0.00364883  -0.04589089   0.39380735  -0.21755062   0.23073097  -0.97054602  -0.04593706  -1.21514612   0.46220014   0.45891249  -1.24060103   0.58573484  -0.53739259  -0.08809999  -0.85258474  -0.09892735   1.10380090   0.22896063  -0.15343628  -0.09078293   0.34076603  -0.37353505   1.01502546   0.48731416  -0.08294017  -0.19020708   0.74109781
    -1.61042592| -0.00363673  -0.09774671   0.06750147   0.18666776  -0.06391058   0.48525680  -0.26203564  -0.65147776  -0.35606357  -0.18598571  -0.22807939  -0.00786359   0.16546968  -0.32579994   0.29714934  -0.11497567   0.15218800   1.28580529   0.30282396  -0.60010273   0.88857100   0.15228053   0.17317195  -0.22121277   0.88929059   0.38025063  -0.47796829   0.24615050   0.41984897  -0.21233126  -0.63965340   0.12130767  -0.72598874   0.62589672   0.40648758  -0.12223041  -0.40323886
    -1.48036732| -0.02780845   0.02808660   0.01714771   0.09186489   0.13440909   0.05486121  -0.40200367   0.29297922  -0.47107756  -0.36451513   0.13631244  -0.28035039  -0.01631103   0.47833939   0.02323882   0.10446696   0.17975691   0.25908785   0.24703355  -0.01719835   0.55718952   0.24551446   0.37774860   0.72840766   0.46781459   0.04586413  -0.11175084   0.56233838  -0.37306467   0.30758762  -0.60940112  -0.13544280   0.00187087  -0.01840409   0.16373671   0.23035356  -0.24110931
    -1.42237891| -0.03103789   0.11227692  -0.00799549   0.11178551   0.06342486  -0.16030128  -0.33788712   0.68147735   0.74699099  -0.35717576   0.33600450   0.31914771  -0.03302279  -0.08094801  -0.19878277   0.35045031   0.15985357   0.39905236   0.10286392   0.11495920   0.75740913   0.22304651   0.53877909  -0.47250278   1.01613360  -0.23427329  -0.52049890   0.07270771  -0.02506036   0.28470925  -1.28143862   0.10579516   0.24228490   0.16520191  -0.68558786  -0.13976569  -0.17015871
    -1.28307561| -0.00887062   0.10618807  -0.01834498  -0.08021150   0.17312702  -0.40180844  -0.17422497   0.06921680  -0.16151813  -0.12816321  -0.12022706   0.09724383  -0.24303344   0.12556072   0.05087460   0.88735449   0.14442844  -0.91260337   1.39693479   0.06180449  -0.09484973  -0.03934471  -0.02690775  -0.00159679  -2.25665049  -0.06626505   0.07728016   0.13158333   0.19622972  -0.07885000  -2.17957534   0.07291091   0.29932304  -0.01442419  -0.02652877   0.45818138   3.57434016
    -1.26319181| -0.03056895  -0.36940945  -0.00439609   0.03846267   0.06518418   1.09304663  -0.09537951  -0.11485883  -0.23012980  -0.06397491  -0.00525833  -0.00519699   0.00476435   0.04543897   0.08523044  -5.01764889  -0.56975760   0.33300644   0.69344033  -0.09637626   0.56811830   0.05596106   0.06774253   0.05057255   1.99493154  -0.10854866   0.63897946   0.11639537   0.02649331   0.02566946  -0.53543750  -0.10523043   0.55980854   0.06443748   0.02387390   0.08672775   2.22637198
    -1.20997847|  0.04176529   0.06290636   0.09129518   0.02979223   0.00540043   0.46715101   0.63181168  -0.66131465  -0.60725880   0.31497355  -0.08139277  -0.10890717   0.33926957  -0.04788752   0.23109492   2.62042406   0.19442693   1.26990534   0.91622441  -0.05875969  -1.37532922  -0.03492014  -0.55898465   0.11041466   2.45442256   0.11312592  -0.54371940  -0.09324499   0.14074840   0.27350799  -3.63177017  -0.04486130  -1.10294477  -0.04630652   0.34292569  -0.39422730  -0.15284133
    -1.08474593|  0.00591670   0.10980008  -0.09580583  -0.13964768   0.04733841  -1.47998772  -0.62302058  -1.05705786   0.44238121  -0.04324564  -0.31087156   0.11808571  -0.37198657   0.09203424  -0.18155305  -1.03434539  -0.07839661   0.97450936  -0.35600563   0.00775472   0.01591270  -0.01497931  -0.05335057  -0.07165389   2.49128423   0.01950098   1.24830824  -0.01119118   0.06986249  -0.66607738  -0.61159625   0.20381594   1.73962792  -0.09683935  -0.14373350   0.89394104  -1.81580784
    -0.64863529|  0.06719935   0.06991524  -0.09528491  -0.03474076  -0.39881377  -1.98306165  -0.50117046  -0.08288978  -1.37955796   0.32986294   0.01747953  -0.43792733   0.18411885  -0.53517846  -0.39234085  -0.64816757  -0.10204736   0.16398981   0.72015198  -0.00299355   0.97020603  -0.01549179   0.35329017   0.10461664   0.15418551   0.69545397   1.81276886  -0.45300775  -0.77385203  -0.90378782  -1.45674388  -0.24056782  -0.13908433   0.12052357   0.11679830  -0.39927978   1.27021791
     5.69196112| -0.44591461   0.32843112  -0.10998768  -0.10384441  -0.12335121   4.81007238   0.34807332  -0.26231055  -0.29926458  -1.50987071  -0.11188464  -0.12931862  -1.43127567  -0.18074326  -1.72590499  -0.88065873   0.12260386   0.07561838   0.08201322  -0.18071188  -0.97611349  -0.00134969  -0.12950555   0.00784668   0.39377853   0.32924553  -0.53303585  -0.19493191  -0.20302028  -0.34465469   0.02280056  -0.08004957  -0.88891082  -0.03830707   0.02015393  -0.02256711   0.31338040

 it |        E_tot (Eh) |          dE |     p_rms 
----+-------------------+-------------+-----------
  1 |    -37.3810386389 |   6.233e+01 |  8.52e-01
  2 |    -69.5953400629 |  -3.221e+01 |  7.54e-01
  3 |    -48.0884282155 |   2.151e+01 |  1.31e-01
  4 |    -62.9065492111 |  -1.482e+01 |  1.12e-01
  5 |    -53.4423718276 |   9.464e+00 |  5.65e-02
  6 |    -58.3747141423 |  -4.932e+00 |  3.00e-02
  7 |    -56.0465554125 |   2.328e+00 |  1.15e-02
  8 |    -57.0979975657 |  -1.051e+00 |  5.99e-03
  9 |    -56.6348876765 |   4.631e-01 |  2.20e-03
 10 |    -56.8350358514 |  -2.001e-01 |  1.14e-03
 11 |    -56.7474749009 |   8.756e-02 |  4.23e-04
 12 |    -56.7850235113 |  -3.755e-02 |  2.38e-04
 13 |    -56.7685955089 |   1.643e-02 |  8.99e-05
 14 |    -56.7756115598 |  -7.016e-03 |  5.83e-05
 15 |    -56.7725292857 |   3.082e-03 |  2.50e-05
 16 |    -56.7738361886 |  -1.307e-03 |  1.73e-05
 17 |    -56.7732563989 |   5.798e-04 |  8.72e-06
 18 |    -56.7734987689 |  -2.424e-04 |  5.89e-06
 19 |    -56.7733891344 |   1.096e-04 |  3.27e-06
 20 |    -56.7734337250 |  -4.459e-05 |  2.12e-06
 21 |    -56.7734127875 |   2.094e-05 |  1.24e-06
 22 |    -56.7734208627 |  -8.075e-06 |  7.80e-07
 23 |    -56.7734167899 |   4.073e-06 |  4.66e-07
 24 |    -56.7734182049 |  -1.415e-06 |  2.89e-07
 25 |    -56.7734173861 |   8.188e-07 |  1.75e-07
 26 |    -56.7734176161 |  -2.300e-07 |  1.08e-07
 27 |    -56.7734174420 |   1.740e-07 |  6.54e-08
 28 |    -56.7734174724 |  -3.034e-08 |  4.01e-08
 29 |    -56.7734174322 |   4.021e-08 |  2.44e-08
 30 |    -56.7734174332 |  -1.018e-09 |  1.49e-08

Computed molecular orbitals and energies:

    epsilon    |            coefficients             
---------------+-------------------------------------
   -15.60691914| -0.95581457  -0.08562557   0.01568613  -0.00275575  -0.00262804  -0.24380950   0.00445633  -0.00617160  -0.00588764   0.10990804  -0.00267595  -0.00255869   0.14217309  -0.00351932   0.13577964   0.11273461  -0.00109906   0.00140215   0.00133627  -0.03237481   0.00951384   0.01333650  -0.03401587   0.00018235  -0.01756570  -0.02103218   0.01825987   0.00971011   0.01208814   0.02078900  -0.02355198  -0.02909472   0.01204575   0.01228714   0.01578220  -0.02683771  -0.01930110
    -1.29035834| -0.27882192   0.67885702   0.02096919   0.00863974   0.00607108   0.47137068  -0.07733272   0.06673813   0.05316143  -0.14383489   0.02071698   0.01654760  -0.28243560   0.02322760  -0.22973765  -0.51790252  -0.03770278  -0.00387417  -0.00286693   0.27647810   0.20007277  -0.04762023   0.13270365  -0.00159872   0.05608428   0.15973666   0.07156601  -0.01775478  -0.02662446  -0.04481888   0.10222783   0.23367433   0.15294370  -0.03648008  -0.05332397   0.08810982   0.07332806
    -0.61927997| -0.00032691   0.00227899  -0.00054925  -0.28715537   0.33854481  -0.00242201  -0.00176711  -0.12528945   0.18365344   0.00014901  -0.00623515   0.01802300  -0.03730444   0.01171458   0.03188856  -0.00845791  -0.00091722   0.00461901  -0.01048877   0.21767037   0.16176282  -0.01735338   0.03274285   0.00788753   0.01064815   0.08337085   0.05189160   0.00059303  -0.00371296   0.00434897   0.01965758  -0.29900077  -0.20601499   0.01545630   0.01748615  -0.02240966  -0.02696332
    -0.61882878| -0.00135365   0.02903222  -0.01202200  -0.33714406  -0.29558177  -0.04861795  -0.02992062  -0.18022429  -0.15668670   0.00345362  -0.01739485  -0.01384754  -0.03318046  -0.00517354  -0.04939875  -0.13269770  -0.01504500   0.01063906   0.00832629   0.23028993   0.19163562  -0.01614876   0.02983544  -0.00774573   0.04358663  -0.27195498  -0.15057850   0.00482573   0.00170411   0.00891995  -0.01426584   0.06624018   0.07894131  -0.00950292  -0.01897889   0.01134780   0.02227453
    -0.40172626| -0.06647599   0.20333317  -0.53835240   0.01013057   0.00729686   0.20599573  -0.47618308   0.02411883   0.01746015  -0.05065821   0.00778268   0.00619314  -0.05293222   0.00522037  -0.03960841  -0.28615210  -0.14537947   0.00439470   0.00323150  -0.04899082   0.04348917  -0.02302868   0.01818182   0.00021154   0.03494674  -0.06341489   0.00887887  -0.01670409  -0.00011054  -0.00043465   0.04287967  -0.05532503   0.02848272  -0.02048765  -0.00505055   0.00972374   0.03805240
     0.03647796|  0.05325212  -0.19548549  -0.06127496  -0.00911267  -0.00611215  -0.14572458  -0.03291679  -0.05129030  -0.03802043   0.03638137  -0.00832570  -0.00606505   0.08753545  -0.00832259   0.06589953  -0.98636644  -0.11801818  -0.01042286  -0.00940217  -0.04512387  -0.00689346   0.01528549  -0.04753486   0.00019475   0.75475394  -0.00475086   0.12720964   0.00384332   0.00762322   0.01322558   0.48619847  -0.02892058   0.04527359   0.01059520   0.01734745  -0.02978662   0.65397080
     0.07487222|  0.00072256  -0.00190992  -0.00127308  -0.08302409   0.03489147  -0.00296222  -0.00321023   0.01936645  -0.00913932   0.00073100   0.00179169  -0.00070861  -0.00827440  -0.00177406   0.00633681  -0.06812889  -0.00629301  -0.75332021   0.31550167   0.03253692   0.01169961  -0.00549665   0.01177782   0.00102376  -3.03509282  -0.00426715   0.00907749   0.00069782  -0.00117179   0.00242545   0.43660825  -0.02784085   0.00166790   0.00437502   0.00379232  -0.00898276   2.67901818
     0.07608447|  0.00137649  -0.00371197  -0.00226713  -0.03554854  -0.08435227  -0.00510464  -0.00578165   0.00617790   0.01510019   0.00133302   0.00005581   0.00061447  -0.00151003   0.00370665  -0.00184779  -0.12725683  -0.01156890  -0.31319642  -0.74175103   0.01195132   0.01655472  -0.00184745   0.00375205  -0.00251103  -1.23639345  -0.03026027   0.00581627   0.00428921   0.00486239   0.00798391   3.33355008   0.01895184   0.01861053  -0.00317054  -0.00527013   0.00454222  -1.94636770
     0.16020109|  0.10000238  -0.33185354  -0.06114682  -0.03731620  -0.02635514  -0.46067563   0.22412819  -0.17543401  -0.12954371   0.08251450  -0.02302208  -0.01668995   0.23824169  -0.02147241   0.17978227   5.31247676   0.53353930  -0.30485457  -0.25025554  -0.10053861  -1.07130070   0.03995831  -0.12475173  -0.00018846  -1.38100754   0.02331726  -0.42416484   0.00857247   0.01686950   0.03034144  -0.71931143  -0.05089670  -0.82183451   0.02692927   0.04326346  -0.07657959  -1.15377237
     0.19775746| -0.02230875   0.03220489  -0.19527112  -0.00149503  -0.00164148   0.33557141  -0.45554544   0.00274471   0.00125837  -0.01760738   0.00178301   0.00144936  -0.00523676   0.00046714  -0.00364840   0.74037890   1.34893803   0.06095034   0.05173559  -0.00540763  -0.29023517   0.00280102  -0.00070323   0.00013816  -0.07114262  -0.00898286  -0.35179671   0.00392946   0.00196273   0.00321859  -0.22682580  -0.00705423  -0.31294576   0.00328390   0.00124994  -0.00159046  -0.12342698
     0.24615452| -0.01206981   0.01969239   0.00617270   0.01331176   0.07117473   0.13180140  -0.01488077   0.05924242   0.05302726  -0.01515431   0.01002531   0.00756589  -0.03689262   0.01122223   0.03675519  -0.52481326  -0.02507605  -0.04248878  -2.65687746   0.01606919   0.08860519  -0.00702905   0.01992816  -0.00750823   0.03515547   0.02800116   0.93318056   0.00266719   0.00294631  -0.00797371   2.70041761  -0.05771201  -0.89522474   0.00748351   0.01046593  -0.01873579  -2.42175460
     0.25017165| -0.01433769   0.02164828   0.00755903   0.07114143   0.00280753   0.16342653  -0.01560841   0.05317129   0.01412883  -0.01846365   0.00376276   0.00129532   0.02017810   0.00109715  -0.01629081  -0.62231238  -0.03066104  -2.65260831   0.06988630  -0.06323781  -1.00330128   0.00878483  -0.02327026   0.00058963  -2.82482088   0.01764362   0.53248897  -0.00124194  -0.01352445  -0.00410376   1.54066023   0.02733426   0.61102198  -0.00290793  -0.01611056   0.00858869   1.65797543
     0.36359843| -0.00756159  -0.02012840   0.01255131  -0.29562812   0.14379693   0.24526080   0.06021026  -1.25788302   0.59398839  -0.01121358  -0.04078519   0.01330413   0.12275643   0.00957880  -0.06608056   0.02642689   0.01825320   0.16443706  -0.11017979  -0.15346206  -2.01753760   0.02783159  -0.07339298   0.00293110   1.12401485   0.00339618   0.03797960  -0.00203815  -0.01414118   0.00065889  -0.03538814   0.10004354   1.57132250  -0.00950196  -0.02760091   0.02575111  -1.01489760
     0.36857869| -0.01575553  -0.04166089   0.02791510  -0.13313426  -0.28476735   0.52338200   0.13837362  -0.53817782  -1.17712205  -0.02127508  -0.00464240  -0.02120725   0.03340928  -0.00757112   0.08084198   0.17636723   0.05083043   0.08114382   0.17293985  -0.07447517  -1.15389868   0.00855965  -0.02179381  -0.00550967   0.54457444   0.07476049   1.65130852   0.00785571   0.00188413  -0.00211888  -1.15875194  -0.10656234  -1.45609325   0.01692347   0.01919025  -0.03762142   0.71557407
     0.42427333|  0.08727532   0.01230653  -0.13618963  -0.03210827  -0.02751143  -2.33144250  -0.82621983  -0.13792099  -0.11927048   0.00083956   0.00373215   0.00300307  -0.05340737   0.00587409  -0.04222887  -4.38362481  -0.66067374  -0.02726183  -0.01780446   0.10659033   2.08017947  -0.02233165   0.03713250  -0.00132130   0.49275942   0.11147160   2.65118348  -0.01449878  -0.01162119  -0.01871030   0.28682057   0.10731345   2.27689911  -0.01952583  -0.01769806   0.02615316   0.42860517
     1.06770837| -0.04831494   1.18964264   0.31586109  -0.25485527  -0.23278331  -2.55555752  -0.81096065   0.82238057   0.73539579   0.01476282   0.02287912   0.01887329  -0.38124883   0.01412764  -0.33400352   0.68408502   0.14788651  -0.75855435  -0.68497682   0.47880737   0.47620521  -0.10241018   0.30625551   0.01667753  -0.91650292  -0.34981599   1.00113890  -0.02214136  -0.01780440  -0.04619432   0.65831341   0.21449789   0.63326340  -0.07527503  -0.08835626   0.20194760  -0.41939747
     1.12048547| -0.00863979   0.25584443   0.13956806  -0.47588162   0.41141842  -0.58169886  -0.27481479   1.26211912  -1.19192577  -0.00642226   0.10176477   0.02212084  -0.36059791   0.06368463   0.23401841   0.08635537   0.06058368  -0.50327302   1.17255277   0.10524252   0.89111693  -0.09571891   0.27860623  -0.04177616  -0.75661751   0.47556925  -0.56984004   0.00938916   0.00904821  -0.00348746  -0.59065886  -0.51359264   0.22328046   0.04646994   0.05043741  -0.15125782   1.21885910
     1.15691281| -0.01906758  -0.03188066  -0.86334000  -0.39645237  -0.10269499   0.49645006   1.31398878   0.98941492   0.24908464   0.04527316  -0.00229743  -0.00753611  -0.03134505  -0.01900185   0.01579596   0.19942482  -0.46143624  -0.72680047  -0.21886994   0.16867073  -0.22076568  -0.01108888   0.04294231   0.00817607  -0.72711426  -0.32309879  -0.20696304   0.02095486   0.05074936   0.06136964   0.56456204  -0.16488655  -0.29643738   0.01941289   0.05153212  -0.04607190   0.20630445
     1.20302805| -0.00223403   0.04159966  -0.01696853  -0.25048700   0.28771276  -0.07357064   0.01650805   0.32761601  -0.39585320  -0.00067483   0.14712302  -0.15367903  -0.22555838  -0.26143347   0.20948902   0.01974488  -0.01216815   0.48312164  -0.48087518  -0.54488232   1.24989307  -0.06901660   0.15157778   0.06965655   0.11461709  -0.22634956   0.54612180  -0.02927203  -0.11026356  -0.00952040   0.01285955   0.76377316  -1.73765980   0.09372774   0.07912882  -0.18739663  -0.14462412
     1.20936319|  0.04333053  -0.85291464   0.27705779  -0.18541395   0.41318576   1.55259796  -0.23907952   0.56590788  -0.70499169   0.02585747  -0.12135992  -0.08938498   0.28851677  -0.14987858   0.01130069  -0.35104287   0.22094643  -0.85791551  -0.03867012   0.59055181  -1.17848909   0.07152158  -0.15359629   0.03735726  -0.53451635  -0.49531182   0.77362958  -0.02963765   0.01128200  -0.04850124   0.21817490   0.06564689  -0.89697836   0.05179474   0.13576019  -0.09224734   0.65766119
     1.22548691|  0.04573238  -0.92901562   0.26046460  -0.48868941  -0.65249701   1.70900646  -0.19703037   0.86740877   1.20456205   0.03580661   0.05926831   0.03127703   0.07954655   0.05067038   0.23080997  -0.37215666   0.21518741  -0.17967597  -0.45102816  -0.15781306   0.32418316  -0.00155954  -0.01194971  -0.01039536  -0.30451626   0.25991652  -1.54888824   0.07777819   0.08669951   0.18027043   0.94099671   0.05737578  -0.21163685   0.02845801   0.01590287  -0.07909343  -0.26579415
     1.44414011| -0.02660202  -0.51885893   0.21898400   0.00825888   0.00286897   0.48035439  -0.18533474   0.00022925   0.00378329   0.33498696   0.00277004   0.00147754  -0.03386438   0.00335125  -0.02075816  -3.40251118  -0.48737765  -0.00482915  -0.00634950  -0.78465491   1.33396235   0.05796726   0.07451688   0.00091868   0.41131678  -0.80795855   1.35426483   0.05956158  -0.02935582  -0.05085552   0.41703505  -0.79435123   1.34236597   0.05913338  -0.03245577   0.05870854   0.40998288
     1.66663681| -0.00142437   0.04691784   0.01450250  -0.25380253   0.16456503  -0.08752961   0.00042718  -0.10508092  -0.06270775  -0.03487015   0.42070961   0.02086739   0.51346187   0.14390388  -0.45261153  -0.03202640  -0.01407503   0.10480010   0.05729327  -0.35181872   0.21922810  -0.21601967  -0.22507543  -0.03845753   0.03971419   0.06415264  -0.03683602   0.11569084   0.17477448  -0.10844165  -0.07769874   0.18975838  -0.04137357   0.09150640   0.04488057   0.26428340   0.03678215
     1.70862982| -0.00030582   0.01120232   0.00695801  -0.01971524  -0.00455891  -0.02127805   0.00065266  -0.00905099  -0.16751334  -0.01005042   0.04787733   0.56122484   0.04805700  -0.33963476  -0.02954579  -0.01027590  -0.00414848   0.00435415   0.10811958  -0.02645798   0.01766540  -0.02576994  -0.02103967   0.24592702   0.00200275   0.08033429  -0.03419817   0.27154596  -0.12385592  -0.01765726  -0.07855684  -0.08402694   0.05509101  -0.25027657   0.15515015   0.01972422   0.07703767
     1.98996529|  0.01768257  -0.00375741  -0.14251543   0.29171911   0.11620148  -0.29885758  -0.37545031   0.04689023   0.00663312   0.73661708   0.22838515   0.07252651  -0.79369588   0.08949696  -0.34762094   0.32947143   0.14811987   0.00072263   0.01697844   0.80330463  -0.18336670  -0.01545576   0.35801116  -0.01002471  -0.02022728   0.36245716  -0.21003931   0.23997012   0.05107921   0.05388806  -0.04951243   0.49004550  -0.17185371   0.16414494  -0.04426059   0.08977322  -0.02304671
     2.38748092| -0.00068507  -0.01162047   0.00042191   0.03787244  -0.03486948   0.02919089   0.01310669   0.09324240  -0.02950411  -0.01158009   0.06150825  -0.02461333  -0.08528918  -0.03211978   0.09551744  -0.00256646  -0.00183824  -0.05352935   0.00713048   0.11258767  -0.02839023  -0.05867973   0.01514817   0.59496989  -0.04351263  -0.03557312   0.01732896  -0.00153849   0.49070126  -0.30264052   0.01543558  -0.10139225  -0.00097161   0.03813236  -0.48458989  -0.31990322   0.03061438
     2.39227725| -0.00611304  -0.10966749   0.00480185   0.37669117  -0.35004561   0.27772308   0.12204196   0.82344356  -0.19383053  -0.10795045   0.57250511  -0.21291182  -0.82569298  -0.30408357   0.92081119  -0.01916495  -0.01591087  -0.47804848   0.02317228   1.03493701  -0.25831496  -0.52661252   0.18398291  -0.00609386  -0.38902533  -0.36937783   0.17379964   0.00596837  -0.15132876  -0.12045494   0.16503347  -0.88703981  -0.04037289   0.31976827   0.29789987  -0.28630225   0.24672714
     2.58329532| -0.00068449  -0.01578285  -0.00033034   0.00439799  -0.15171116   0.03306841   0.01521723   0.07702087   0.86577431  -0.00293351   0.01121913   0.02903932  -0.03175034   0.31301793   0.02891456  -0.00105111  -0.00170682  -0.03341043  -0.41448483   0.04804771  -0.00828839  -0.05639325  -0.01813727  -0.44615046  -0.03011208  -0.49174790   0.10217079   0.41124458  -0.01743217  -0.42475472   0.32967913   0.42675019  -0.11060155  -0.39044804  -0.05066888  -0.44321643  -0.29728022
     2.66233323| -0.00215244  -0.04717498  -0.00397601   0.27614451  -0.19632740   0.10103154   0.04739063  -0.36288103  -0.03853053  -0.01731047   0.48599025  -0.06902965  -0.38743951  -0.09488025   0.38138165   0.00600611  -0.00380481   0.05284564  -0.03135253   0.23304968  -0.15336932   0.38602014   0.51456423   0.00875282   0.07939876  -0.06336132   0.14069603  -0.31564878   0.48036039  -0.19951960  -0.03512619  -0.20569382  -0.05347000  -0.17612977   0.66540800  -0.12832307  -0.03994301
     2.79216420|  0.00109772   0.05055810   0.01096190  -0.03341582  -0.22786417  -0.07826773  -0.04936021  -0.04564198   0.25174086  -0.01315466  -0.10388991   0.66212933   0.10971758   0.51359763  -0.06901008  -0.00996798   0.00465642   0.03553171  -0.34119223  -0.10068818   0.04299784   0.01522225  -0.05885462   0.19772111   0.02790242  -0.43441976   0.41013710  -0.37297035  -0.18389479  -0.06433706   0.17023455   0.53902712  -0.39642698   0.50201415   0.11512329  -0.05983222  -0.19973423
     2.90173519| -0.00168482  -0.31615157  -0.06722525   0.59553021  -0.00603046   0.40894550   0.34349487  -0.11092312  -0.00349477   0.21427286  -0.26407019  -0.00236679  -0.38666993  -0.00393747   0.00674538   0.12969986  -0.03012981   0.21062579   0.00014730   0.03745267   0.28273025  -0.90064736   0.64057777   0.00232302   0.08948440   0.03256408  -0.33381723  -0.11161178   0.27817965   0.13956734  -0.05482505   0.02514804  -0.33906411  -0.10515882   0.28182400  -0.14837530  -0.05322048
     3.02855052| -0.01298252   0.29915014   0.07031424   0.20487676  -0.25705283  -0.18621895  -0.43222873  -0.23380434  -0.24128386  -0.53176355  -0.35718013  -0.27182403   0.16398996  -0.29786563   0.45965669  -0.27930404   0.03815775   0.13617383   0.07569700  -0.20783447   0.26520767   0.20129308   0.15425437   0.00769067   0.12619180   0.22612289   0.17223766   0.65529943   0.13706577  -0.27618767  -0.10703963  -0.33546099   0.00448097   0.74935015   0.40681146  -0.18295286   0.06473150
     3.35119050| -0.00028638  -0.02297037  -0.01108062   0.02107383   0.01491625   0.00405195  -0.01984673   0.01737770   0.42794811  -0.03394624   0.01513080   0.59151036  -0.01988342  -0.76210291   0.02971897  -0.03650611  -0.00112039  -0.00496938  -0.04883218   0.02717208   0.02678627   0.00299993   0.05107559  -0.80098132  -0.00358821  -0.00700579  -0.18743510  -0.32386280   0.41349244  -0.09877542   0.09460120  -0.01327575   0.21182831   0.36007684  -0.41636588  -0.07257100  -0.07900982
     3.46563499|  0.03482088  -0.63735879  -0.36146525   0.29978528   0.14090179  -0.48098038  -0.37778254   0.43017237   0.13000808  -0.25287891   0.44103896   0.10015141  -0.08185971   0.19101803  -0.11942296  -0.71120351  -0.05263847  -0.08086090  -0.03913212   0.55366853   0.72338153   0.04469457   1.08817408   0.02898153  -0.08094396  -0.05787679   0.28746406   0.06274402  -0.41402676  -0.14327856   0.18552693   0.24153898   0.39905215  -0.05659825  -0.53028341   0.40540015   0.08748051
     3.60833850| -0.06359791   0.38182353   0.25479735   0.48816618  -0.05316523   0.92426171   0.21860348   0.67405580  -0.05652615  -0.27222306   0.67282332  -0.04394650   0.27288137  -0.06642261   0.02788213   0.32650405   0.05440470  -0.10682869   0.01643254   0.17231368   0.06170043   0.18739562   0.22130408  -0.00327593  -0.23355386  -0.43004239  -0.58260096   0.11965637  -0.03009719   0.86256645   0.07788144  -0.54690769  -0.62998964   0.15918706   0.02253869  -0.95890223   0.11922181
     4.14493657|  0.07689374  -0.05787204  -0.08634142  -0.18135695  -0.79381796  -1.09301459  -0.13002826  -0.18626846  -0.93722729   0.45942840  -0.07902080  -0.65733888   0.46878012  -0.91526293  -0.48895009  -0.01398559  -0.03833614   0.08911863   0.25505414  -0.16680415   0.22638948   0.04121486  -0.03770367   0.01145130   0.07656685   1.19907411   0.71105013  -0.49869800  -0.70776909  -0.86740722  -0.41673128  -0.54172022  -0.14930787   0.10193744   0.15528308  -0.60449935   0.26514159
    11.66636252| -0.52615252   0.21657648  -0.19269273  -0.08658590  -0.09587601   4.63806937   0.26450700  -0.14891483  -0.16488057  -1.56804491  -0.07710797  -0.08542713  -1.64432583  -0.11725120  -1.82911428  -1.10883330   0.07665280   0.03742697   0.04138592   0.04043990  -0.70224761  -0.09171589   0.14222751   0.00532974   0.30922205   0.36166400  -0.49199996  -0.19948070  -0.21881570  -0.38147402   0.15356963   0.11136230  -0.65609892  -0.11555685  -0.09811275   0.18314437   0.27492687

SCF converged in 30 iterations
Final E_tot = -56.773417415309 Eh

RUN END
-------
Total run time: 1575.12 s
